TN:
SF:src\app.module.ts
FN:44,(anonymous_10)
FNF:1
FNH:0
FNDA:0,(anonymous_10)
DA:2,9
DA:3,9
DA:4,9
DA:5,9
DA:7,9
DA:8,9
DA:9,9
DA:10,9
DA:11,9
DA:12,9
DA:13,9
DA:14,9
DA:15,9
DA:16,9
DA:17,9
DA:18,9
DA:19,9
DA:20,9
DA:45,0
DA:48,0
DA:49,0
DA:50,0
DA:51,0
DA:58,0
DA:68,0
DA:69,0
DA:73,0
DA:101,9
LF:28
LH:19
BRDA:48,0,0,0
BRDA:50,1,0,0
BRDA:50,2,0,0
BRDA:50,2,1,0
BRDA:68,3,0,0
BRDA:76,4,0,0
BRDA:76,4,1,0
BRF:7
BRH:0
end_of_record
TN:
SF:src\admin\admin.controller.ts
FN:21,(anonymous_4)
FN:31,(anonymous_5)
FN:42,(anonymous_6)
FN:53,(anonymous_7)
FN:64,(anonymous_8)
FNF:5
FNH:5
FNDA:5,(anonymous_4)
FNDA:1,(anonymous_5)
FNDA:1,(anonymous_6)
FNDA:1,(anonymous_7)
FNDA:1,(anonymous_8)
DA:2,9
DA:3,9
DA:4,9
DA:5,9
DA:6,9
DA:7,9
DA:8,9
DA:9,9
DA:20,9
DA:21,5
DA:31,9
DA:32,1
DA:42,9
DA:43,1
DA:53,9
DA:54,1
DA:64,9
DA:65,1
LF:18
LH:18
BRDA:43,0,0,1
BRDA:43,0,1,0
BRDA:54,1,0,1
BRDA:54,1,1,0
BRF:4
BRH:2
end_of_record
TN:
SF:src\admin\admin.module.ts
FNF:0
FNH:0
DA:2,9
DA:3,9
DA:4,9
DA:5,9
DA:6,9
DA:7,9
DA:8,9
DA:9,9
DA:10,9
DA:11,9
DA:12,9
DA:13,9
DA:14,9
DA:15,9
DA:18,9
DA:19,9
DA:20,9
DA:21,9
DA:22,9
DA:23,9
DA:24,9
DA:25,9
DA:26,9
DA:27,9
DA:30,9
DA:31,9
DA:32,9
DA:33,9
DA:34,9
DA:35,9
DA:36,9
DA:37,9
DA:38,9
DA:39,9
DA:40,9
DA:41,9
DA:42,9
DA:43,9
DA:115,9
LF:39
LH:39
BRF:0
BRH:0
end_of_record
TN:
SF:src\admin\admin.service.ts
FN:27,(anonymous_4)
FN:40,(anonymous_5)
FN:93,(anonymous_6)
FN:104,(anonymous_7)
FN:119,(anonymous_8)
FN:134,(anonymous_9)
FN:149,(anonymous_10)
FN:175,(anonymous_11)
FN:200,(anonymous_12)
FN:223,(anonymous_13)
FN:236,(anonymous_14)
FN:256,(anonymous_15)
FN:268,(anonymous_16)
FN:334,(anonymous_17)
FN:340,(anonymous_18)
FN:351,(anonymous_19)
FN:370,(anonymous_20)
FNF:17
FNH:0
FNDA:0,(anonymous_4)
FNDA:0,(anonymous_5)
FNDA:0,(anonymous_6)
FNDA:0,(anonymous_7)
FNDA:0,(anonymous_8)
FNDA:0,(anonymous_9)
FNDA:0,(anonymous_10)
FNDA:0,(anonymous_11)
FNDA:0,(anonymous_12)
FNDA:0,(anonymous_13)
FNDA:0,(anonymous_14)
FNDA:0,(anonymous_15)
FNDA:0,(anonymous_16)
FNDA:0,(anonymous_17)
FNDA:0,(anonymous_18)
FNDA:0,(anonymous_19)
FNDA:0,(anonymous_20)
DA:2,9
DA:3,9
DA:4,9
DA:5,9
DA:6,9
DA:7,9
DA:8,9
DA:9,9
DA:10,9
DA:26,9
DA:29,0
DA:31,0
DA:33,0
DA:41,0
DA:42,0
DA:43,0
DA:44,0
DA:45,0
DA:46,0
DA:47,0
DA:50,0
DA:51,0
DA:52,0
DA:54,0
DA:60,0
DA:67,0
DA:70,0
DA:73,0
DA:75,0
DA:94,0
DA:95,0
DA:96,0
DA:97,0
DA:100,0
DA:103,0
DA:104,0
DA:118,0
DA:119,0
DA:133,0
DA:134,0
DA:148,0
DA:149,0
DA:163,0
DA:177,0
DA:184,0
DA:191,0
DA:197,0
DA:200,0
DA:201,0
DA:207,0
DA:223,0
DA:224,0
DA:225,0
DA:236,0
DA:237,0
DA:241,0
DA:256,0
DA:257,0
DA:259,0
DA:269,0
DA:272,0
DA:276,0
DA:277,0
DA:289,0
DA:293,0
DA:302,0
DA:303,0
DA:315,0
DA:327,0
DA:328,0
DA:334,0
DA:340,0
DA:342,0
DA:352,0
DA:353,0
DA:355,0
DA:356,0
DA:358,0
DA:359,0
DA:360,0
DA:361,0
DA:362,0
DA:363,0
DA:371,0
DA:372,0
DA:374,0
DA:375,0
DA:376,0
DA:379,0
LF:89
LH:10
BRDA:70,0,0,0
BRDA:70,0,1,0
BRDA:73,1,0,0
BRDA:73,1,1,0
BRDA:201,2,0,0
BRDA:201,2,1,0
BRDA:201,3,0,0
BRDA:201,3,1,0
BRDA:203,4,0,0
BRDA:203,4,1,0
BRDA:203,5,0,0
BRDA:203,5,1,0
BRDA:224,6,0,0
BRDA:224,6,1,0
BRDA:237,7,0,0
BRDA:237,7,1,0
BRDA:276,8,0,0
BRDA:302,9,0,0
BRDA:327,10,0,0
BRDA:353,11,0,0
BRDA:358,12,0,0
BRDA:358,12,1,0
BRDA:358,12,2,0
BRDA:358,12,3,0
BRDA:358,12,4,0
BRF:25
BRH:0
end_of_record
TN:
SF:src\admin\applications\admin-applications.controller.ts
FN:36,(anonymous_4)
FN:45,(anonymous_5)
FN:64,(anonymous_6)
FN:76,(anonymous_7)
FN:90,(anonymous_8)
FN:101,(anonymous_9)
FNF:6
FNH:0
FNDA:0,(anonymous_4)
FNDA:0,(anonymous_5)
FNDA:0,(anonymous_6)
FNDA:0,(anonymous_7)
FNDA:0,(anonymous_8)
FNDA:0,(anonymous_9)
DA:2,9
DA:12,9
DA:13,9
DA:14,9
DA:15,9
DA:16,9
DA:17,9
DA:18,9
DA:19,9
DA:35,9
DA:36,0
DA:45,9
DA:53,0
DA:64,9
DA:65,0
DA:76,9
DA:80,0
DA:90,9
DA:91,0
DA:101,9
DA:102,0
LF:21
LH:15
BRF:0
BRH:0
end_of_record
TN:
SF:src\admin\applications\admin-applications.service.ts
FN:27,(anonymous_4)
FN:43,(anonymous_5)
FN:94,(anonymous_6)
FN:107,(anonymous_7)
FN:129,(anonymous_8)
FN:165,(anonymous_9)
FN:176,(anonymous_10)
FN:185,(anonymous_11)
FN:187,(anonymous_12)
FN:209,(anonymous_13)
FN:226,(anonymous_14)
FN:231,(anonymous_15)
FN:237,(anonymous_16)
FN:241,(anonymous_17)
FN:257,(anonymous_18)
FN:261,(anonymous_19)
FN:281,(anonymous_20)
FN:283,(anonymous_21)
FN:303,(anonymous_22)
FNF:19
FNH:0
FNDA:0,(anonymous_4)
FNDA:0,(anonymous_5)
FNDA:0,(anonymous_6)
FNDA:0,(anonymous_7)
FNDA:0,(anonymous_8)
FNDA:0,(anonymous_9)
FNDA:0,(anonymous_10)
FNDA:0,(anonymous_11)
FNDA:0,(anonymous_12)
FNDA:0,(anonymous_13)
FNDA:0,(anonymous_14)
FNDA:0,(anonymous_15)
FNDA:0,(anonymous_16)
FNDA:0,(anonymous_17)
FNDA:0,(anonymous_18)
FNDA:0,(anonymous_19)
FNDA:0,(anonymous_20)
FNDA:0,(anonymous_21)
FNDA:0,(anonymous_22)
DA:2,9
DA:3,9
DA:4,9
DA:5,9
DA:6,9
DA:7,9
DA:8,9
DA:9,9
DA:18,9
DA:26,9
DA:29,0
DA:31,0
DA:33,0
DA:35,0
DA:37,0
DA:53,0
DA:54,0
DA:56,0
DA:68,0
DA:69,0
DA:72,0
DA:73,0
DA:76,0
DA:77,0
DA:80,0
DA:81,0
DA:84,0
DA:85,0
DA:91,0
DA:94,0
DA:96,0
DA:108,0
DA:119,0
DA:120,0
DA:123,0
DA:133,0
DA:144,0
DA:145,0
DA:149,0
DA:152,0
DA:157,0
DA:159,0
DA:166,0
DA:168,0
DA:169,0
DA:174,0
DA:176,0
DA:177,0
DA:178,0
DA:181,0
DA:182,0
DA:185,0
DA:186,0
DA:188,0
DA:189,0
DA:193,0
DA:210,0
DA:212,0
DA:213,0
DA:218,0
DA:219,0
DA:222,0
DA:223,0
DA:224,0
DA:226,0
DA:227,0
DA:231,0
DA:232,0
DA:233,0
DA:237,0
DA:238,0
DA:241,0
DA:242,0
DA:243,0
DA:244,0
DA:251,0
DA:252,0
DA:256,0
DA:257,0
DA:260,0
DA:262,0
DA:267,0
DA:277,0
DA:278,0
DA:281,0
DA:282,0
DA:284,0
DA:285,0
DA:289,0
DA:304,0
DA:305,0
DA:306,0
DA:307,0
DA:308,0
DA:310,0
DA:314,0
DA:320,0
DA:326,0
DA:330,0
LF:99
LH:10
BRDA:45,0,0,0
BRDA:53,1,0,0
BRDA:53,2,0,0
BRDA:68,3,0,0
BRDA:72,4,0,0
BRDA:76,5,0,0
BRDA:80,6,0,0
BRDA:84,7,0,0
BRDA:119,8,0,0
BRDA:144,9,0,0
BRDA:152,10,0,0
BRDA:168,11,0,0
BRDA:177,12,0,0
BRDA:177,12,1,0
BRDA:181,13,0,0
BRDA:181,13,1,0
BRDA:182,14,0,0
BRDA:182,14,1,0
BRDA:186,15,0,0
BRDA:186,15,1,0
BRDA:194,16,0,0
BRDA:194,16,1,0
BRDA:195,17,0,0
BRDA:195,17,1,0
BRDA:196,18,0,0
BRDA:196,18,1,0
BRDA:198,19,0,0
BRDA:198,19,1,0
BRDA:212,20,0,0
BRDA:232,21,0,0
BRDA:232,21,1,0
BRDA:238,22,0,0
BRDA:238,22,1,0
BRDA:243,23,0,0
BRDA:269,24,0,0
BRDA:269,24,1,0
BRDA:270,25,0,0
BRDA:270,25,1,0
BRDA:277,26,0,0
BRDA:277,26,1,0
BRDA:278,27,0,0
BRDA:278,27,1,0
BRDA:282,28,0,0
BRDA:282,28,1,0
BRDA:310,29,0,0
BRDA:310,29,1,0
BRDA:311,30,0,0
BRDA:311,30,1,0
BRDA:311,31,0,0
BRDA:311,31,1,0
BRDA:314,32,0,0
BRDA:314,32,1,0
BRDA:320,33,0,0
BRDA:320,33,1,0
BRDA:349,34,0,0
BRDA:349,34,1,0
BRF:56
BRH:0
end_of_record
TN:
SF:src\admin\audit\logs.controller.ts
FN:22,(anonymous_4)
FN:33,(anonymous_5)
FNF:2
FNH:0
FNDA:0,(anonymous_4)
FNDA:0,(anonymous_5)
DA:2,9
DA:3,9
DA:4,9
DA:5,9
DA:6,9
DA:7,9
DA:8,9
DA:9,9
DA:21,9
DA:22,0
DA:33,9
DA:34,0
LF:12
LH:10
BRF:0
BRH:0
end_of_record
TN:
SF:src\admin\audit\logs.service.ts
FN:18,(anonymous_4)
FN:32,(anonymous_5)
FN:56,(anonymous_6)
FNF:3
FNH:0
FNDA:0,(anonymous_4)
FNDA:0,(anonymous_5)
FNDA:0,(anonymous_6)
DA:2,9
DA:3,9
DA:4,9
DA:5,9
DA:15,9
DA:16,0
DA:20,0
DA:39,0
DA:47,0
DA:48,0
DA:57,0
DA:58,0
DA:63,0
LF:13
LH:5
BRF:0
BRH:0
end_of_record
TN:
SF:src\admin\feedback\admin-feedback.controller.ts
FN:38,(anonymous_4)
FN:47,(anonymous_5)
FN:65,(anonymous_6)
FN:77,(anonymous_7)
FN:89,(anonymous_8)
FN:100,(anonymous_9)
FN:112,(anonymous_10)
FN:121,(anonymous_11)
FNF:8
FNH:0
FNDA:0,(anonymous_4)
FNDA:0,(anonymous_5)
FNDA:0,(anonymous_6)
FNDA:0,(anonymous_7)
FNDA:0,(anonymous_8)
FNDA:0,(anonymous_9)
FNDA:0,(anonymous_10)
FNDA:0,(anonymous_11)
DA:2,9
DA:14,9
DA:15,9
DA:16,9
DA:17,9
DA:18,9
DA:19,9
DA:20,9
DA:21,9
DA:37,9
DA:38,0
DA:47,9
DA:54,0
DA:65,9
DA:66,0
DA:77,9
DA:78,0
DA:89,9
DA:90,0
DA:100,9
DA:101,0
DA:111,9
DA:112,0
DA:121,9
DA:122,0
LF:25
LH:17
BRF:0
BRH:0
end_of_record
TN:
SF:src\admin\feedback\admin-feedback.service.ts
FN:21,(anonymous_4)
FN:31,(anonymous_5)
FN:73,(anonymous_6)
FN:86,(anonymous_7)
FN:102,(anonymous_8)
FN:112,(anonymous_9)
FN:132,(anonymous_10)
FN:147,(anonymous_11)
FN:206,(anonymous_12)
FN:210,(anonymous_13)
FN:214,(anonymous_14)
FN:224,(anonymous_15)
FNF:12
FNH:0
FNDA:0,(anonymous_4)
FNDA:0,(anonymous_5)
FNDA:0,(anonymous_6)
FNDA:0,(anonymous_7)
FNDA:0,(anonymous_8)
FNDA:0,(anonymous_9)
FNDA:0,(anonymous_10)
FNDA:0,(anonymous_11)
FNDA:0,(anonymous_12)
FNDA:0,(anonymous_13)
FNDA:0,(anonymous_14)
FNDA:0,(anonymous_15)
DA:2,9
DA:3,9
DA:4,9
DA:5,9
DA:6,9
DA:20,9
DA:23,0
DA:25,0
DA:40,0
DA:41,0
DA:43,0
DA:51,0
DA:52,0
DA:55,0
DA:56,0
DA:59,0
DA:60,0
DA:63,0
DA:64,0
DA:70,0
DA:73,0
DA:75,0
DA:87,0
DA:92,0
DA:93,0
DA:96,0
DA:103,0
DA:104,0
DA:106,0
DA:113,0
DA:118,0
DA:119,0
DA:123,0
DA:124,0
DA:126,0
DA:133,0
DA:135,0
DA:136,0
DA:139,0
DA:141,0
DA:148,0
DA:150,0
DA:157,0
DA:164,0
DA:172,0
DA:173,0
DA:174,0
DA:176,0
DA:183,0
DA:191,0
DA:197,0
DA:201,0
DA:207,0
DA:208,0
DA:211,0
DA:212,0
DA:215,0
DA:216,0
DA:225,0
LF:59
LH:6
BRDA:33,0,0,0
BRDA:40,1,0,0
BRDA:40,2,0,0
BRDA:51,3,0,0
BRDA:55,4,0,0
BRDA:59,5,0,0
BRDA:63,6,0,0
BRDA:92,7,0,0
BRDA:118,8,0,0
BRDA:135,9,0,0
BRDA:197,10,0,0
BRDA:197,10,1,0
BRDA:237,11,0,0
BRDA:237,11,1,0
BRF:14
BRH:0
end_of_record
TN:
SF:src\admin\job-seekers\admin-job-seekers.controller.ts
FN:33,(anonymous_4)
FN:42,(anonymous_5)
FN:54,(anonymous_6)
FN:66,(anonymous_7)
FN:78,(anonymous_8)
FN:89,(anonymous_9)
FN:100,(anonymous_10)
FN:111,(anonymous_11)
FN:122,(anonymous_12)
FNF:9
FNH:0
FNDA:0,(anonymous_4)
FNDA:0,(anonymous_5)
FNDA:0,(anonymous_6)
FNDA:0,(anonymous_7)
FNDA:0,(anonymous_8)
FNDA:0,(anonymous_9)
FNDA:0,(anonymous_10)
FNDA:0,(anonymous_11)
FNDA:0,(anonymous_12)
DA:2,9
DA:13,9
DA:14,9
DA:15,9
DA:16,9
DA:17,9
DA:18,9
DA:19,9
DA:20,9
DA:21,9
DA:32,9
DA:33,0
DA:42,9
DA:43,0
DA:54,9
DA:55,0
DA:66,9
DA:67,0
DA:78,9
DA:79,0
DA:89,9
DA:90,0
DA:100,9
DA:101,0
DA:111,9
DA:112,0
DA:122,9
DA:123,0
LF:28
LH:19
BRF:0
BRH:0
end_of_record
TN:
SF:src\admin\job-seekers\admin-job-seekers.service.ts
FN:23,(anonymous_4)
FN:43,(anonymous_5)
FN:70,(anonymous_6)
FN:84,(anonymous_7)
FN:100,(anonymous_8)
FN:143,(anonymous_9)
FN:162,(anonymous_10)
FN:173,(anonymous_11)
FN:194,(anonymous_12)
FN:204,(anonymous_13)
FN:214,(anonymous_14)
FN:224,(anonymous_15)
FNF:12
FNH:0
FNDA:0,(anonymous_4)
FNDA:0,(anonymous_5)
FNDA:0,(anonymous_6)
FNDA:0,(anonymous_7)
FNDA:0,(anonymous_8)
FNDA:0,(anonymous_9)
FNDA:0,(anonymous_10)
FNDA:0,(anonymous_11)
FNDA:0,(anonymous_12)
FNDA:0,(anonymous_13)
FNDA:0,(anonymous_14)
FNDA:0,(anonymous_15)
DA:2,9
DA:3,9
DA:4,9
DA:5,9
DA:6,9
DA:7,9
DA:8,9
DA:9,9
DA:10,9
DA:11,9
DA:15,9
DA:22,9
DA:25,0
DA:27,0
DA:29,0
DA:31,0
DA:33,0
DA:35,0
DA:37,0
DA:47,0
DA:48,0
DA:50,0
DA:59,0
DA:60,0
DA:66,0
DA:69,0
DA:70,0
DA:73,0
DA:85,0
DA:90,0
DA:91,0
DA:94,0
DA:101,0
DA:106,0
DA:107,0
DA:111,0
DA:112,0
DA:114,0
DA:115,0
DA:118,0
DA:121,0
DA:122,0
DA:123,0
DA:134,0
DA:137,0
DA:144,0
DA:148,0
DA:149,0
DA:153,0
DA:154,0
DA:156,0
DA:163,0
DA:165,0
DA:173,0
DA:183,0
DA:195,0
DA:205,0
DA:215,0
DA:225,0
DA:227,0
DA:252,0
DA:257,0
DA:259,0
DA:260,0
DA:261,0
DA:264,0
LF:66
LH:12
BRDA:45,0,0,0
BRDA:47,1,0,0
BRDA:47,2,0,0
BRDA:59,3,0,0
BRDA:90,4,0,0
BRDA:106,5,0,0
BRDA:111,6,0,0
BRDA:114,7,0,0
BRDA:121,8,0,0
BRDA:127,9,0,0
BRDA:127,9,1,0
BRDA:148,10,0,0
BRDA:163,11,0,0
BRDA:163,12,0,0
BRDA:177,13,0,0
BRDA:177,13,1,0
BRDA:235,14,0,0
BRDA:235,14,1,0
BRDA:235,15,0,0
BRDA:235,15,1,0
BRDA:235,16,0,0
BRDA:235,16,1,0
BRDA:259,17,0,0
BRF:23
BRH:0
end_of_record
TN:
SF:src\admin\landing-page\landing.controller.ts
FN:23,(anonymous_4)
FN:27,(anonymous_5)
FN:33,(anonymous_6)
FNF:3
FNH:0
FNDA:0,(anonymous_4)
FNDA:0,(anonymous_5)
FNDA:0,(anonymous_6)
DA:2,9
DA:3,9
DA:4,9
DA:5,9
DA:6,9
DA:7,9
DA:8,9
DA:9,9
DA:10,9
DA:11,9
DA:22,9
DA:23,0
DA:27,9
DA:28,0
DA:33,9
DA:34,0
LF:16
LH:13
BRF:0
BRH:0
end_of_record
TN:
SF:src\admin\landing-page\landing.service.ts
FN:19,(anonymous_4)
FN:28,(anonymous_5)
FN:48,(anonymous_6)
FNF:3
FNH:0
FNDA:0,(anonymous_4)
FNDA:0,(anonymous_5)
FNDA:0,(anonymous_6)
DA:2,9
DA:3,9
DA:4,9
DA:5,9
DA:6,9
DA:16,9
DA:17,0
DA:21,0
DA:29,0
DA:30,0
DA:32,0
DA:39,0
DA:49,0
DA:50,0
DA:51,0
LF:15
LH:6
BRDA:30,0,0,0
BRF:1
BRH:0
end_of_record
TN:
SF:src\admin\ngos\admin-ngos.controller.ts
FN:33,(anonymous_4)
FN:42,(anonymous_5)
FN:54,(anonymous_6)
FN:66,(anonymous_7)
FN:78,(anonymous_8)
FN:89,(anonymous_9)
FN:100,(anonymous_10)
FN:115,(anonymous_11)
FNF:8
FNH:0
FNDA:0,(anonymous_4)
FNDA:0,(anonymous_5)
FNDA:0,(anonymous_6)
FNDA:0,(anonymous_7)
FNDA:0,(anonymous_8)
FNDA:0,(anonymous_9)
FNDA:0,(anonymous_10)
FNDA:0,(anonymous_11)
DA:2,9
DA:13,9
DA:14,9
DA:15,9
DA:16,9
DA:17,9
DA:18,9
DA:19,9
DA:20,9
DA:21,9
DA:32,9
DA:33,0
DA:42,9
DA:43,0
DA:54,9
DA:55,0
DA:66,9
DA:67,0
DA:78,9
DA:79,0
DA:89,9
DA:90,0
DA:100,9
DA:105,0
DA:115,9
DA:116,0
LF:26
LH:18
BRF:0
BRH:0
end_of_record
TN:
SF:src\admin\ngos\admin-ngos.service.ts
FN:30,(anonymous_4)
FN:44,(anonymous_5)
FN:71,(anonymous_6)
FN:85,(anonymous_7)
FN:101,(anonymous_8)
FN:149,(anonymous_9)
FN:168,(anonymous_10)
FN:179,(anonymous_11)
FN:208,(anonymous_12)
FN:232,(anonymous_13)
FN:256,(anonymous_14)
FN:283,(anonymous_15)
FN:293,(anonymous_16)
FN:316,(anonymous_17)
FNF:14
FNH:0
FNDA:0,(anonymous_4)
FNDA:0,(anonymous_5)
FNDA:0,(anonymous_6)
FNDA:0,(anonymous_7)
FNDA:0,(anonymous_8)
FNDA:0,(anonymous_9)
FNDA:0,(anonymous_10)
FNDA:0,(anonymous_11)
FNDA:0,(anonymous_12)
FNDA:0,(anonymous_13)
FNDA:0,(anonymous_14)
FNDA:0,(anonymous_15)
FNDA:0,(anonymous_16)
FNDA:0,(anonymous_17)
DA:2,9
DA:3,9
DA:4,9
DA:5,9
DA:6,9
DA:7,9
DA:8,9
DA:20,9
DA:21,9
DA:22,9
DA:29,9
DA:32,0
DA:34,0
DA:36,0
DA:38,0
DA:48,0
DA:49,0
DA:51,0
DA:60,0
DA:61,0
DA:67,0
DA:70,0
DA:71,0
DA:74,0
DA:86,0
DA:91,0
DA:92,0
DA:95,0
DA:102,0
DA:107,0
DA:108,0
DA:112,0
DA:113,0
DA:115,0
DA:116,0
DA:119,0
DA:122,0
DA:123,0
DA:124,0
DA:140,0
DA:143,0
DA:150,0
DA:154,0
DA:155,0
DA:159,0
DA:160,0
DA:162,0
DA:169,0
DA:171,0
DA:178,0
DA:180,0
DA:184,0
DA:197,0
DA:213,0
DA:216,0
DA:220,0
DA:221,0
DA:224,0
DA:232,0
DA:245,0
DA:258,0
DA:262,0
DA:263,0
DA:267,0
DA:271,0
DA:276,0
DA:282,0
DA:283,0
DA:284,0
DA:285,0
DA:289,0
DA:293,0
DA:294,0
DA:295,0
DA:298,0
DA:299,0
DA:300,0
DA:302,0
DA:317,0
DA:319,0
DA:348,0
DA:352,0
DA:356,0
DA:362,0
DA:363,0
DA:364,0
DA:366,0
LF:87
LH:11
BRDA:46,0,0,0
BRDA:48,1,0,0
BRDA:48,2,0,0
BRDA:60,3,0,0
BRDA:91,4,0,0
BRDA:107,5,0,0
BRDA:112,6,0,0
BRDA:115,7,0,0
BRDA:122,8,0,0
BRDA:132,9,0,0
BRDA:132,9,1,0
BRDA:154,10,0,0
BRDA:169,11,0,0
BRDA:169,12,0,0
BRDA:213,13,0,0
BRDA:213,14,0,0
BRDA:220,15,0,0
BRDA:235,16,0,0
BRDA:235,16,1,0
BRDA:236,17,0,0
BRDA:236,17,1,0
BRDA:236,18,0,0
BRDA:236,18,1,0
BRDA:262,19,0,0
BRDA:284,20,0,0
BRDA:284,20,1,0
BRDA:294,21,0,0
BRDA:294,21,1,0
BRDA:298,22,0,0
BRDA:298,22,1,0
BRDA:299,23,0,0
BRDA:299,23,1,0
BRDA:300,24,0,0
BRDA:300,24,1,0
BRDA:327,25,0,0
BRDA:327,25,1,0
BRF:36
BRH:0
end_of_record
TN:
SF:src\admin\pages\pages.controller.ts
FN:24,(anonymous_4)
FN:35,(anonymous_5)
FN:50,(anonymous_6)
FNF:3
FNH:0
FNDA:0,(anonymous_4)
FNDA:0,(anonymous_5)
FNDA:0,(anonymous_6)
DA:2,9
DA:3,9
DA:4,9
DA:5,9
DA:6,9
DA:7,9
DA:8,9
DA:9,9
DA:10,9
DA:11,9
DA:12,9
DA:23,9
DA:24,0
DA:35,9
DA:36,0
DA:50,9
DA:55,0
LF:17
LH:14
BRF:0
BRH:0
end_of_record
TN:
SF:src\admin\pages\pages.service.ts
FN:15,(anonymous_4)
FN:26,(anonymous_5)
FN:41,(anonymous_6)
FNF:3
FNH:0
FNDA:0,(anonymous_4)
FNDA:0,(anonymous_5)
FNDA:0,(anonymous_6)
DA:2,9
DA:3,9
DA:4,9
DA:5,9
DA:14,9
DA:17,0
DA:27,0
DA:28,0
DA:29,0
DA:31,0
DA:42,0
DA:44,0
DA:46,0
DA:47,0
DA:50,0
DA:55,0
LF:16
LH:5
BRDA:28,0,0,0
BRDA:44,1,0,0
BRDA:44,1,1,0
BRF:3
BRH:0
end_of_record
TN:
SF:src\admin\settings\contact-settings.service.ts
FN:12,(anonymous_2)
FN:14,(anonymous_3)
FN:18,(anonymous_4)
FNF:3
FNH:0
FNDA:0,(anonymous_2)
FNDA:0,(anonymous_3)
FNDA:0,(anonymous_4)
DA:2,0
DA:3,0
DA:11,0
DA:12,0
DA:15,0
DA:20,0
DA:21,0
LF:7
LH:0
BRF:0
BRH:0
end_of_record
TN:
SF:src\admin\settings\email-settings.service.ts
FN:12,(anonymous_2)
FN:14,(anonymous_3)
FN:18,(anonymous_4)
FNF:3
FNH:0
FNDA:0,(anonymous_2)
FNDA:0,(anonymous_3)
FNDA:0,(anonymous_4)
DA:2,0
DA:3,0
DA:11,0
DA:12,0
DA:15,0
DA:19,0
LF:6
LH:0
BRF:0
BRH:0
end_of_record
TN:
SF:src\admin\settings\settings.controller.ts
FN:24,(anonymous_4)
FN:28,(anonymous_5)
FN:34,(anonymous_6)
FN:40,(anonymous_7)
FN:46,(anonymous_8)
FNF:5
FNH:0
FNDA:0,(anonymous_4)
FNDA:0,(anonymous_5)
FNDA:0,(anonymous_6)
FNDA:0,(anonymous_7)
FNDA:0,(anonymous_8)
DA:2,9
DA:3,9
DA:4,9
DA:5,9
DA:6,9
DA:7,9
DA:8,9
DA:9,9
DA:10,9
DA:11,9
DA:12,9
DA:23,9
DA:24,0
DA:28,9
DA:29,0
DA:34,9
DA:35,0
DA:40,9
DA:41,0
DA:46,9
DA:47,0
LF:21
LH:16
BRF:0
BRH:0
end_of_record
TN:
SF:src\admin\settings\settings.service.ts
FN:17,(anonymous_4)
FN:27,(anonymous_5)
FN:37,(anonymous_6)
FN:54,(anonymous_7)
FN:64,(anonymous_8)
FN:86,(anonymous_9)
FNF:6
FNH:0
FNDA:0,(anonymous_4)
FNDA:0,(anonymous_5)
FNDA:0,(anonymous_6)
FNDA:0,(anonymous_7)
FNDA:0,(anonymous_8)
FNDA:0,(anonymous_9)
DA:2,9
DA:3,9
DA:4,9
DA:5,9
DA:6,9
DA:16,9
DA:19,0
DA:21,0
DA:28,0
DA:38,0
DA:40,0
DA:42,0
DA:45,0
DA:51,0
DA:55,0
DA:65,0
DA:67,0
DA:69,0
DA:72,0
DA:78,0
DA:87,0
LF:21
LH:6
BRDA:40,0,0,0
BRDA:40,0,1,0
BRDA:67,1,0,0
BRDA:67,1,1,0
BRF:4
BRH:0
end_of_record
TN:
SF:src\admin\settings\sms-settings.service.ts
FN:12,(anonymous_2)
FN:14,(anonymous_3)
FN:18,(anonymous_4)
FNF:3
FNH:0
FNDA:0,(anonymous_2)
FNDA:0,(anonymous_3)
FNDA:0,(anonymous_4)
DA:2,0
DA:3,0
DA:11,0
DA:12,0
DA:15,0
DA:19,0
LF:6
LH:0
BRF:0
BRH:0
end_of_record
TN:
SF:src\admin\terms\terms.controller.ts
FN:21,(anonymous_4)
FN:33,(anonymous_5)
FN:51,(anonymous_6)
FNF:3
FNH:0
FNDA:0,(anonymous_4)
FNDA:0,(anonymous_5)
FNDA:0,(anonymous_6)
DA:2,9
DA:3,9
DA:4,9
DA:5,9
DA:6,9
DA:7,9
DA:8,9
DA:9,9
DA:10,9
DA:11,9
DA:12,9
DA:20,9
DA:21,0
DA:33,9
DA:34,0
DA:51,9
DA:52,0
LF:17
LH:14
BRF:0
BRH:0
end_of_record
TN:
SF:src\admin\terms\terms.service.ts
FN:16,(anonymous_4)
FN:26,(anonymous_5)
FN:53,(anonymous_6)
FNF:3
FNH:0
FNDA:0,(anonymous_4)
FNDA:0,(anonymous_5)
FNDA:0,(anonymous_6)
DA:2,9
DA:3,9
DA:4,9
DA:5,9
DA:15,9
DA:18,0
DA:27,0
DA:32,0
DA:34,0
DA:42,0
DA:54,0
DA:55,0
DA:59,0
LF:13
LH:5
BRDA:32,0,0,0
BRF:1
BRH:0
end_of_record
TN:
SF:src\admin\users\admin-users.controller.ts
FN:33,(anonymous_4)
FN:42,(anonymous_5)
FN:54,(anonymous_6)
FN:66,(anonymous_7)
FN:78,(anonymous_8)
FN:89,(anonymous_9)
FNF:6
FNH:0
FNDA:0,(anonymous_4)
FNDA:0,(anonymous_5)
FNDA:0,(anonymous_6)
FNDA:0,(anonymous_7)
FNDA:0,(anonymous_8)
FNDA:0,(anonymous_9)
DA:2,9
DA:13,9
DA:14,9
DA:15,9
DA:16,9
DA:17,9
DA:18,9
DA:19,9
DA:20,9
DA:21,9
DA:32,9
DA:33,0
DA:42,9
DA:43,0
DA:54,9
DA:55,0
DA:66,9
DA:67,0
DA:78,9
DA:79,0
DA:89,9
DA:90,0
LF:22
LH:16
BRF:0
BRH:0
end_of_record
TN:
SF:src\admin\users\admin-users.service.ts
FN:21,(anonymous_4)
FN:37,(anonymous_5)
FN:68,(anonymous_6)
FN:82,(anonymous_7)
FN:98,(anonymous_8)
FN:118,(anonymous_9)
FN:136,(anonymous_10)
FN:158,(anonymous_11)
FNF:8
FNH:0
FNDA:0,(anonymous_4)
FNDA:0,(anonymous_5)
FNDA:0,(anonymous_6)
FNDA:0,(anonymous_7)
FNDA:0,(anonymous_8)
FNDA:0,(anonymous_9)
FNDA:0,(anonymous_10)
FNDA:0,(anonymous_11)
DA:2,9
DA:3,9
DA:4,9
DA:5,9
DA:6,9
DA:7,9
DA:8,9
DA:9,9
DA:13,9
DA:20,9
DA:23,0
DA:25,0
DA:27,0
DA:29,0
DA:31,0
DA:41,0
DA:42,0
DA:44,0
DA:53,0
DA:54,0
DA:57,0
DA:58,0
DA:64,0
DA:67,0
DA:68,0
DA:71,0
DA:83,0
DA:88,0
DA:89,0
DA:92,0
DA:99,0
DA:104,0
DA:105,0
DA:109,0
DA:110,0
DA:112,0
DA:119,0
DA:121,0
DA:122,0
DA:127,0
DA:128,0
DA:130,0
DA:137,0
DA:139,0
DA:147,0
DA:159,0
DA:171,0
DA:172,0
DA:173,0
DA:174,0
DA:175,0
DA:176,0
DA:177,0
DA:180,0
DA:183,0
DA:186,0
DA:187,0
DA:188,0
DA:189,0
DA:190,0
DA:191,0
DA:194,0
DA:197,0
DA:200,0
LF:64
LH:10
BRDA:39,0,0,0
BRDA:41,1,0,0
BRDA:41,2,0,0
BRDA:53,3,0,0
BRDA:57,4,0,0
BRDA:88,5,0,0
BRDA:104,6,0,0
BRDA:121,7,0,0
BRDA:137,8,0,0
BRDA:137,9,0,0
BRDA:171,10,0,0
BRDA:171,11,0,0
BRDA:171,11,1,0
BRDA:186,12,0,0
BRDA:186,13,0,0
BRDA:186,13,1,0
BRF:16
BRH:0
end_of_record
TN:
SF:src\ai\ai.controller.ts
FN:35,(anonymous_4)
FN:49,(anonymous_5)
FN:68,(anonymous_6)
FN:88,(anonymous_7)
FN:106,(anonymous_8)
FN:123,(anonymous_9)
FN:137,(anonymous_10)
FNF:7
FNH:0
FNDA:0,(anonymous_4)
FNDA:0,(anonymous_5)
FNDA:0,(anonymous_6)
FNDA:0,(anonymous_7)
FNDA:0,(anonymous_8)
FNDA:0,(anonymous_9)
FNDA:0,(anonymous_10)
DA:1,9
DA:14,9
DA:15,9
DA:16,9
DA:17,9
DA:18,9
DA:19,9
DA:20,9
DA:21,9
DA:22,9
DA:23,9
DA:34,9
DA:35,0
DA:49,9
DA:52,0
DA:68,9
DA:73,0
DA:88,9
DA:92,0
DA:106,9
DA:110,0
DA:123,9
DA:124,0
DA:137,9
DA:138,0
DA:139,0
LF:26
LH:18
BRDA:71,0,0,0
BRDA:108,1,0,0
BRF:2
BRH:0
end_of_record
TN:
SF:src\ai\ai.module.ts
FNF:0
FNH:0
DA:1,9
DA:2,9
DA:3,9
DA:4,9
DA:5,9
DA:6,9
DA:7,9
DA:8,9
DA:9,9
DA:10,9
DA:11,9
DA:12,9
DA:13,9
DA:34,9
LF:14
LH:14
BRF:0
BRH:0
end_of_record
TN:
SF:src\ai\ai.service.ts
FN:27,(anonymous_4)
FN:45,(anonymous_5)
FN:102,(anonymous_6)
FN:128,(anonymous_7)
FN:128,(anonymous_8)
FN:144,(anonymous_9)
FN:154,(anonymous_10)
FN:173,(anonymous_11)
FN:196,(anonymous_12)
FN:250,(anonymous_13)
FN:250,(anonymous_14)
FN:251,(anonymous_15)
FN:254,(anonymous_16)
FN:257,(anonymous_17)
FN:271,(anonymous_18)
FN:290,(anonymous_19)
FN:307,(anonymous_20)
FN:356,(anonymous_21)
FN:366,(anonymous_22)
FN:376,(anonymous_23)
FN:399,(anonymous_24)
FNF:21
FNH:0
FNDA:0,(anonymous_4)
FNDA:0,(anonymous_5)
FNDA:0,(anonymous_6)
FNDA:0,(anonymous_7)
FNDA:0,(anonymous_8)
FNDA:0,(anonymous_9)
FNDA:0,(anonymous_10)
FNDA:0,(anonymous_11)
FNDA:0,(anonymous_12)
FNDA:0,(anonymous_13)
FNDA:0,(anonymous_14)
FNDA:0,(anonymous_15)
FNDA:0,(anonymous_16)
FNDA:0,(anonymous_17)
FNDA:0,(anonymous_18)
FNDA:0,(anonymous_19)
FNDA:0,(anonymous_20)
FNDA:0,(anonymous_21)
FNDA:0,(anonymous_22)
FNDA:0,(anonymous_23)
FNDA:0,(anonymous_24)
DA:1,9
DA:2,9
DA:3,9
DA:4,9
DA:5,9
DA:6,9
DA:7,9
DA:8,9
DA:9,9
DA:15,9
DA:16,9
DA:24,9
DA:25,0
DA:29,0
DA:31,0
DA:33,0
DA:35,0
DA:37,0
DA:38,0
DA:39,0
DA:46,0
DA:49,0
DA:54,0
DA:55,0
DA:59,0
DA:64,0
DA:65,0
DA:68,0
DA:70,0
DA:73,0
DA:80,0
DA:82,0
DA:94,0
DA:95,0
DA:108,0
DA:109,0
DA:112,0
DA:117,0
DA:118,0
DA:121,0
DA:123,0
DA:128,0
DA:130,0
DA:137,0
DA:138,0
DA:141,0
DA:144,0
DA:151,0
DA:154,0
DA:155,0
DA:156,0
DA:173,0
DA:174,0
DA:176,0
DA:188,0
DA:189,0
DA:198,0
DA:199,0
DA:202,0
DA:207,0
DA:208,0
DA:211,0
DA:213,0
DA:220,0
DA:249,0
DA:250,0
DA:251,0
DA:254,0
DA:255,0
DA:257,0
DA:258,0
DA:261,0
DA:263,0
DA:264,0
DA:272,0
DA:277,0
DA:278,0
DA:281,0
DA:283,0
DA:290,0
DA:299,0
DA:300,0
DA:308,0
DA:309,0
DA:311,0
DA:357,0
DA:367,0
DA:369,0
DA:370,0
DA:377,0
DA:378,0
DA:379,0
DA:381,0
DA:386,0
DA:387,0
DA:400,0
LF:96
LH:12
BRDA:54,0,0,0
BRDA:64,1,0,0
BRDA:64,2,0,0
BRDA:64,2,1,0
BRDA:86,3,0,0
BRDA:86,3,1,0
BRDA:87,4,0,0
BRDA:87,4,1,0
BRDA:105,5,0,0
BRDA:108,6,0,0
BRDA:108,7,0,0
BRDA:108,7,1,0
BRDA:117,8,0,0
BRDA:117,9,0,0
BRDA:117,9,1,0
BRDA:137,10,0,0
BRDA:160,11,0,0
BRDA:160,11,1,0
BRDA:165,12,0,0
BRDA:165,12,1,0
BRDA:166,13,0,0
BRDA:166,13,1,0
BRDA:167,14,0,0
BRDA:167,14,1,0
BRDA:198,15,0,0
BRDA:198,16,0,0
BRDA:198,16,1,0
BRDA:207,17,0,0
BRDA:207,18,0,0
BRDA:207,18,1,0
BRDA:249,19,0,0
BRDA:251,20,0,0
BRDA:251,20,1,0
BRDA:271,21,0,0
BRDA:277,22,0,0
BRDA:323,23,0,0
BRDA:323,23,1,0
BRDA:324,24,0,0
BRDA:324,24,1,0
BRDA:325,25,0,0
BRDA:325,25,1,0
BRDA:327,26,0,0
BRDA:327,26,1,0
BRDA:328,27,0,0
BRDA:328,27,1,0
BRDA:329,28,0,0
BRDA:329,28,1,0
BRDA:338,29,0,0
BRDA:338,29,1,0
BRDA:339,30,0,0
BRDA:339,30,1,0
BRDA:340,31,0,0
BRDA:340,31,1,0
BRDA:347,32,0,0
BRDA:347,32,1,0
BRDA:367,33,0,0
BRF:56
BRH:0
end_of_record
TN:
SF:src\ai\recommendation.service.ts
FN:6,(anonymous_2)
FN:7,(anonymous_3)
FNF:2
FNH:0
FNDA:0,(anonymous_2)
FNDA:0,(anonymous_3)
DA:1,0
DA:2,0
DA:5,0
DA:6,0
DA:8,0
DA:9,0
LF:6
LH:0
BRF:0
BRH:0
end_of_record
TN:
SF:src\ai\scoring.service.ts
FN:5,(anonymous_1)
FN:7,(anonymous_2)
FN:13,(anonymous_3)
FN:15,(anonymous_4)
FNF:4
FNH:0
FNDA:0,(anonymous_1)
FNDA:0,(anonymous_2)
FNDA:0,(anonymous_3)
FNDA:0,(anonymous_4)
DA:1,0
DA:4,0
DA:6,0
DA:7,0
DA:8,0
DA:9,0
DA:11,0
DA:14,0
DA:15,0
DA:16,0
DA:17,0
DA:21,0
LF:12
LH:0
BRDA:7,0,0,0
BRDA:7,0,1,0
BRDA:8,1,0,0
BRDA:8,1,1,0
BRDA:9,2,0,0
BRDA:15,3,0,0
BRDA:15,3,1,0
BRDA:16,4,0,0
BRDA:16,4,1,0
BRDA:17,5,0,0
BRDA:17,5,1,0
BRF:11
BRH:0
end_of_record
TN:
SF:src\ai\services\ai-microservice.service.ts
FN:122,(anonymous_2)
FN:139,(anonymous_3)
FN:193,(anonymous_4)
FN:248,(anonymous_5)
FN:305,(anonymous_6)
FN:324,(anonymous_7)
FNF:6
FNH:6
FNDA:14,(anonymous_2)
FNDA:3,(anonymous_3)
FNDA:2,(anonymous_4)
FNDA:2,(anonymous_5)
FNDA:2,(anonymous_6)
FNDA:2,(anonymous_7)
DA:1,9
DA:2,9
DA:3,9
DA:4,9
DA:118,9
DA:119,14
DA:123,14
DA:124,14
DA:126,14
DA:142,3
DA:143,3
DA:145,3
DA:159,1
DA:160,0
DA:166,1
DA:168,1
DA:170,1
DA:172,2
DA:174,2
DA:175,1
DA:181,1
DA:196,2
DA:197,2
DA:199,2
DA:213,1
DA:214,0
DA:220,1
DA:222,1
DA:224,1
DA:226,1
DA:228,1
DA:229,1
DA:235,0
DA:252,2
DA:253,2
DA:255,2
DA:272,1
DA:273,0
DA:279,1
DA:281,1
DA:283,1
DA:285,1
DA:287,1
DA:288,1
DA:294,0
DA:306,2
DA:307,2
DA:313,1
DA:315,1
DA:316,1
DA:325,2
DA:326,2
DA:335,1
DA:337,1
DA:338,1
LF:55
LH:50
BRDA:159,0,0,0
BRDA:174,1,0,1
BRDA:176,2,0,1
BRDA:176,2,1,1
BRDA:213,3,0,0
BRDA:228,4,0,1
BRDA:230,5,0,1
BRDA:230,5,1,1
BRDA:250,6,0,0
BRDA:272,7,0,0
BRDA:287,8,0,1
BRDA:289,9,0,1
BRDA:289,9,1,1
BRF:13
BRH:9
end_of_record
TN:
SF:src\ai\services\prediction-cache.service.ts
FN:31,(anonymous_4)
FN:44,(anonymous_5)
FN:96,(anonymous_6)
FN:134,(anonymous_7)
FN:187,(anonymous_8)
FN:200,(anonymous_9)
FN:231,(anonymous_10)
FN:268,(anonymous_11)
FN:287,(anonymous_12)
FN:306,(anonymous_13)
FNF:10
FNH:0
FNDA:0,(anonymous_4)
FNDA:0,(anonymous_5)
FNDA:0,(anonymous_6)
FNDA:0,(anonymous_7)
FNDA:0,(anonymous_8)
FNDA:0,(anonymous_9)
FNDA:0,(anonymous_10)
FNDA:0,(anonymous_11)
FNDA:0,(anonymous_12)
FNDA:0,(anonymous_13)
DA:1,9
DA:2,9
DA:3,9
DA:4,9
DA:5,9
DA:27,9
DA:28,0
DA:29,0
DA:33,0
DA:34,0
DA:49,0
DA:51,0
DA:53,0
DA:54,0
DA:55,0
DA:59,0
DA:60,0
DA:63,0
DA:65,0
DA:68,0
DA:75,0
DA:77,0
DA:80,0
DA:81,0
DA:82,0
DA:83,0
DA:86,0
DA:100,0
DA:111,0
DA:112,0
DA:115,0
DA:140,0
DA:142,0
DA:148,0
DA:149,0
DA:152,0
DA:163,0
DA:165,0
DA:167,0
DA:177,0
DA:178,0
DA:188,0
DA:189,0
DA:192,0
DA:207,0
DA:212,0
DA:215,0
DA:216,0
DA:218,0
DA:219,0
DA:221,0
DA:226,0
DA:227,0
DA:229,0
DA:230,0
DA:231,0
DA:235,0
DA:236,0
DA:237,0
DA:239,0
DA:246,0
DA:249,0
DA:252,0
DA:253,0
DA:254,0
DA:255,0
DA:261,0
DA:269,0
DA:279,0
DA:280,0
DA:288,0
DA:289,0
DA:290,0
DA:297,0
DA:307,0
DA:312,0
DA:313,0
LF:77
LH:6
BRDA:53,0,0,0
BRDA:53,1,0,0
BRDA:53,1,1,0
BRDA:59,2,0,0
BRDA:81,3,0,0
BRDA:111,4,0,0
BRDA:138,5,0,0
BRDA:188,6,0,0
BRDA:218,7,0,0
BRDA:218,7,1,0
BRDA:218,8,0,0
BRDA:218,8,1,0
BRDA:226,9,0,0
BRDA:254,10,0,0
BRDA:280,11,0,0
BRDA:280,11,1,0
BRDA:313,12,0,0
BRDA:313,12,1,0
BRF:18
BRH:0
end_of_record
TN:
SF:src\auth\auth.controller.ts
FN:34,(anonymous_4)
FN:119,(anonymous_5)
FN:131,(anonymous_6)
FN:148,(anonymous_7)
FN:158,(anonymous_8)
FN:170,(anonymous_9)
FN:183,(anonymous_10)
FN:195,(anonymous_11)
FN:207,(anonymous_12)
FN:219,(anonymous_13)
FNF:10
FNH:0
FNDA:0,(anonymous_4)
FNDA:0,(anonymous_5)
FNDA:0,(anonymous_6)
FNDA:0,(anonymous_7)
FNDA:0,(anonymous_8)
FNDA:0,(anonymous_9)
FNDA:0,(anonymous_10)
FNDA:0,(anonymous_11)
FNDA:0,(anonymous_12)
FNDA:0,(anonymous_13)
DA:1,9
DA:10,9
DA:17,9
DA:18,9
DA:19,9
DA:20,9
DA:21,9
DA:22,9
DA:23,9
DA:24,9
DA:25,9
DA:26,9
DA:27,9
DA:28,9
DA:33,9
DA:34,0
DA:119,9
DA:120,0
DA:131,9
DA:133,0
DA:148,9
DA:149,0
DA:158,9
DA:159,0
DA:170,9
DA:172,0
DA:183,9
DA:184,0
DA:195,9
DA:196,0
DA:207,9
DA:208,0
DA:219,9
DA:220,0
LF:34
LH:24
BRF:0
BRH:0
end_of_record
TN:
SF:src\auth\auth.module.ts
FNF:0
FNH:0
DA:2,9
DA:3,9
DA:4,9
DA:6,9
DA:7,9
DA:8,9
DA:9,9
DA:10,9
DA:12,9
DA:13,9
DA:14,9
DA:31,9
LF:12
LH:12
BRDA:20,0,0,9
BRDA:20,0,1,9
BRDA:21,1,0,9
BRDA:21,1,1,9
BRF:4
BRH:4
end_of_record
TN:
SF:src\auth\auth.service.ts
FN:21,(anonymous_11)
FN:28,(anonymous_12)
FN:40,(anonymous_13)
FN:45,(anonymous_14)
FN:53,(anonymous_15)
FN:67,(anonymous_16)
FN:84,(anonymous_17)
FN:91,(anonymous_18)
FN:97,(anonymous_19)
FN:109,(anonymous_20)
FN:132,(anonymous_21)
FNF:11
FNH:11
FNDA:21,(anonymous_11)
FNDA:1,(anonymous_12)
FNDA:1,(anonymous_13)
FNDA:2,(anonymous_14)
FNDA:2,(anonymous_15)
FNDA:3,(anonymous_16)
FNDA:2,(anonymous_17)
FNDA:1,(anonymous_18)
FNDA:2,(anonymous_19)
FNDA:3,(anonymous_20)
FNDA:3,(anonymous_21)
DA:3,9
DA:8,9
DA:9,9
DA:11,9
DA:15,9
DA:16,9
DA:17,9
DA:20,9
DA:22,21
DA:23,21
DA:24,21
DA:25,21
DA:32,1
DA:33,1
DA:34,1
DA:35,1
DA:37,0
DA:41,1
DA:42,1
DA:46,2
DA:47,2
DA:49,1
DA:50,1
DA:54,2
DA:55,2
DA:57,1
DA:59,1
DA:72,3
DA:73,3
DA:75,2
DA:76,2
DA:78,1
DA:79,1
DA:81,1
DA:85,2
DA:86,2
DA:87,2
DA:88,1
DA:94,1
DA:100,2
DA:101,2
DA:102,1
DA:105,1
DA:106,1
DA:110,3
DA:111,3
DA:112,1
DA:115,2
DA:116,1
DA:120,1
DA:122,1
DA:129,1
DA:133,3
DA:134,3
DA:135,2
DA:136,2
DA:138,1
DA:139,1
DA:141,2
LF:59
LH:58
BRDA:33,0,0,1
BRDA:33,1,0,1
BRDA:33,1,1,1
BRDA:47,2,0,1
BRDA:55,3,0,1
BRDA:73,4,0,1
BRDA:76,5,0,1
BRDA:87,6,0,1
BRDA:101,7,0,1
BRDA:111,8,0,1
BRDA:115,9,0,1
BRDA:136,10,0,1
BRF:12
BRH:12
end_of_record
TN:
SF:src\auth\decorators\roles.decorator.ts
FN:40,(anonymous_0)
FNF:1
FNH:1
FNDA:171,(anonymous_0)
DA:1,9
DA:9,9
DA:40,171
LF:3
LH:3
BRF:0
BRH:0
end_of_record
TN:
SF:src\auth\guards\jwt-auth.guard.ts
FN:47,(anonymous_2)
FN:60,(anonymous_3)
FN:87,(anonymous_4)
FNF:3
FNH:0
FNDA:0,(anonymous_2)
FNDA:0,(anonymous_3)
FNDA:0,(anonymous_4)
DA:1,9
DA:6,9
DA:7,9
DA:8,9
DA:10,9
DA:46,9
DA:47,0
DA:48,0
DA:63,0
DA:68,0
DA:69,0
DA:73,0
DA:88,0
DA:90,0
DA:91,0
DA:95,0
DA:96,0
DA:100,0
DA:102,0
DA:111,0
LF:20
LH:6
BRDA:68,0,0,0
BRDA:88,1,0,0
BRDA:90,2,0,0
BRDA:95,3,0,0
BRDA:100,4,0,0
BRDA:100,5,0,0
BRDA:100,5,1,0
BRDA:103,6,0,0
BRDA:103,6,1,0
BRF:9
BRH:0
end_of_record
TN:
SF:src\auth\guards\roles.guard.ts
FN:28,(anonymous_2)
FN:38,(anonymous_3)
FN:64,(anonymous_4)
FNF:3
FNH:0
FNDA:0,(anonymous_2)
FNDA:0,(anonymous_3)
FNDA:0,(anonymous_4)
DA:1,9
DA:7,9
DA:9,9
DA:27,9
DA:28,0
DA:40,0
DA:47,0
DA:48,0
DA:54,0
DA:57,0
DA:58,0
DA:64,0
DA:66,0
DA:67,0
DA:70,0
LF:15
LH:4
BRDA:47,0,0,0
BRDA:47,1,0,0
BRDA:47,1,1,0
BRDA:57,2,0,0
BRDA:57,3,0,0
BRDA:57,3,1,0
BRDA:66,4,0,0
BRDA:66,4,1,0
BRF:8
BRH:0
end_of_record
TN:
SF:src\auth\otp\otp.module.ts
FNF:0
FNH:0
DA:2,9
DA:3,9
DA:4,9
DA:5,9
DA:12,9
LF:5
LH:5
BRF:0
BRH:0
end_of_record
TN:
SF:src\auth\otp\otp.service.ts
FN:14,(anonymous_13)
FN:19,(anonymous_14)
FN:29,(anonymous_15)
FN:55,(anonymous_16)
FN:77,(anonymous_17)
FNF:5
FNH:5
FNDA:14,(anonymous_13)
FNDA:7,(anonymous_14)
FNDA:4,(anonymous_15)
FNDA:4,(anonymous_16)
FNDA:2,(anonymous_17)
DA:3,9
DA:4,9
DA:5,9
DA:6,9
DA:8,9
DA:13,9
DA:16,14
DA:20,7
DA:34,4
DA:36,4
DA:37,4
DA:39,4
DA:47,4
DA:48,4
DA:60,4
DA:65,4
DA:67,4
DA:68,4
DA:70,3
DA:71,3
DA:78,2
LF:21
LH:21
BRDA:19,0,0,1
BRDA:32,1,0,2
BRDA:34,2,0,1
BRDA:34,2,1,3
BRDA:65,3,0,3
BRDA:68,4,0,1
BRDA:71,5,0,0
BRDA:71,5,1,3
BRF:8
BRH:7
end_of_record
TN:
SF:src\auth\strategies\jwt.strategy.ts
FN:25,(anonymous_2)
FN:49,(anonymous_3)
FNF:2
FNH:0
FNDA:0,(anonymous_2)
FNDA:0,(anonymous_3)
DA:1,9
DA:2,9
DA:3,9
DA:4,9
DA:5,9
DA:19,9
DA:26,0
DA:27,0
DA:29,0
DA:51,0
DA:55,0
DA:56,0
DA:64,0
LF:13
LH:6
BRDA:55,0,0,0
BRF:1
BRH:0
end_of_record
TN:
SF:src\auth\strategies\local.strategy.ts
FN:20,(anonymous_2)
FN:36,(anonymous_3)
FNF:2
FNH:0
FNDA:0,(anonymous_2)
FNDA:0,(anonymous_3)
DA:2,9
DA:3,9
DA:4,9
DA:5,9
DA:15,9
DA:20,0
DA:22,0
DA:37,0
DA:39,0
DA:40,0
DA:44,0
LF:11
LH:5
BRDA:39,0,0,0
BRF:1
BRH:0
end_of_record
TN:
SF:src\auth\strategies\otp.strategy.ts
FN:17,(anonymous_2)
FN:32,(anonymous_3)
FNF:2
FNH:0
FNDA:0,(anonymous_2)
FNDA:0,(anonymous_3)
DA:2,9
DA:3,9
DA:4,9
DA:16,9
DA:20,0
DA:41,0
LF:6
LH:4
BRF:0
BRH:0
end_of_record
TN:
SF:src\auth\strategies\ws-jwt.guard.ts
FN:10,(anonymous_2)
FN:12,(anonymous_3)
FN:38,extractBearer
FNF:3
FNH:0
FNDA:0,(anonymous_2)
FNDA:0,(anonymous_3)
FNDA:0,extractBearer
DA:2,9
DA:3,9
DA:7,9
DA:8,0
DA:10,0
DA:13,0
DA:16,0
DA:20,0
DA:21,0
DA:22,0
DA:25,0
DA:26,0
DA:27,0
DA:28,0
DA:30,0
DA:33,0
DA:39,0
DA:40,0
DA:41,0
DA:42,0
LF:20
LH:3
BRDA:16,0,0,0
BRDA:16,0,1,0
BRDA:16,0,2,0
BRDA:20,1,0,0
BRDA:31,2,0,0
BRDA:31,2,1,0
BRDA:39,3,0,0
BRDA:41,4,0,0
BRDA:41,5,0,0
BRDA:41,5,1,0
BRF:10
BRH:0
end_of_record
TN:
SF:src\auth\strategies\guards\jwt-auth.guard.ts
FN:47,(anonymous_2)
FN:60,(anonymous_3)
FN:87,(anonymous_4)
FNF:3
FNH:1
FNDA:5,(anonymous_2)
FNDA:0,(anonymous_3)
FNDA:0,(anonymous_4)
DA:1,9
DA:6,9
DA:7,9
DA:8,9
DA:10,9
DA:46,9
DA:47,5
DA:48,5
DA:63,0
DA:68,0
DA:69,0
DA:73,0
DA:88,0
DA:90,0
DA:91,0
DA:95,0
DA:96,0
DA:100,0
DA:102,0
DA:111,0
LF:20
LH:8
BRDA:68,0,0,0
BRDA:88,1,0,0
BRDA:90,2,0,0
BRDA:95,3,0,0
BRDA:100,4,0,0
BRDA:100,5,0,0
BRDA:100,5,1,0
BRDA:103,6,0,0
BRDA:103,6,1,0
BRF:9
BRH:0
end_of_record
TN:
SF:src\auth\strategies\guards\local-auth.guard.ts
FN:49,(anonymous_1)
FNF:1
FNH:0
FNDA:0,(anonymous_1)
DA:1,9
DA:2,9
DA:36,9
DA:50,0
DA:53,0
DA:60,0
LF:6
LH:3
BRDA:50,0,0,0
BRDA:50,1,0,0
BRDA:50,1,1,0
BRDA:54,2,0,0
BRDA:54,2,1,0
BRF:5
BRH:0
end_of_record
TN:
SF:src\auth\strategies\guards\otp.guard.ts
FN:48,(anonymous_1)
FNF:1
FNH:0
FNDA:0,(anonymous_1)
DA:1,0
DA:2,0
DA:36,0
DA:49,0
DA:50,0
DA:57,0
LF:6
LH:0
BRDA:49,0,0,0
BRDA:49,1,0,0
BRDA:49,1,1,0
BRDA:51,2,0,0
BRDA:51,2,1,0
BRF:5
BRH:0
end_of_record
TN:
SF:src\auth\strategies\guards\roles.guard.ts
FNF:0
FNH:0
DA:7,9
LF:1
LH:1
BRF:0
BRH:0
end_of_record
TN:
SF:src\common\decorators\current-user.decorator.ts
FN:38,(anonymous_0)
FNF:1
FNH:0
FNDA:0,(anonymous_0)
DA:2,9
DA:37,9
DA:39,0
DA:40,0
LF:4
LH:2
BRF:0
BRH:0
end_of_record
TN:
SF:src\common\decorators\public.decorator.ts
FN:3,(anonymous_0)
FNF:1
FNH:1
FNDA:90,(anonymous_0)
DA:1,9
DA:2,9
DA:3,90
LF:3
LH:3
BRF:0
BRH:0
end_of_record
TN:
SF:src\common\decorators\roles.decorator.ts
FN:40,(anonymous_0)
FNF:1
FNH:1
FNDA:216,(anonymous_0)
DA:1,9
DA:9,9
DA:40,216
LF:3
LH:3
BRF:0
BRH:0
end_of_record
TN:
SF:src\common\enums\audit-action.enum.ts
FN:2,(anonymous_0)
FNF:1
FNH:1
FNDA:9,(anonymous_0)
DA:2,9
DA:3,9
DA:4,9
DA:5,9
DA:6,9
DA:7,9
DA:8,9
DA:9,9
LF:8
LH:8
BRDA:2,0,0,9
BRDA:2,0,1,9
BRF:2
BRH:2
end_of_record
TN:
SF:src\common\enums\channel-type.enum.ts
FN:2,(anonymous_0)
FNF:1
FNH:1
FNDA:9,(anonymous_0)
DA:2,9
DA:3,9
DA:4,9
DA:5,9
LF:4
LH:4
BRDA:2,0,0,9
BRDA:2,0,1,9
BRF:2
BRH:2
end_of_record
TN:
SF:src\common\enums\employment-type.enum.ts
FN:2,(anonymous_0)
FNF:1
FNH:1
FNDA:9,(anonymous_0)
DA:2,9
DA:3,9
DA:4,9
DA:5,9
DA:6,9
DA:7,9
LF:6
LH:6
BRDA:2,0,0,9
BRDA:2,0,1,9
BRF:2
BRH:2
end_of_record
TN:
SF:src\common\enums\file-type.enum.ts
FN:2,(anonymous_0)
FNF:1
FNH:1
FNDA:9,(anonymous_0)
DA:2,9
DA:3,9
DA:4,9
DA:5,9
DA:6,9
DA:7,9
DA:8,9
DA:9,9
DA:10,9
DA:11,9
DA:12,9
DA:13,9
LF:12
LH:12
BRDA:2,0,0,9
BRDA:2,0,1,9
BRF:2
BRH:2
end_of_record
TN:
SF:src\common\enums\gender.enum.ts
FN:2,(anonymous_0)
FNF:1
FNH:1
FNDA:9,(anonymous_0)
DA:2,9
DA:3,9
DA:4,9
DA:5,9
DA:6,9
LF:5
LH:5
BRDA:2,0,0,9
BRDA:2,0,1,9
BRF:2
BRH:2
end_of_record
TN:
SF:src\common\enums\job.enum.ts
FN:3,(anonymous_0)
FN:11,(anonymous_1)
FN:17,(anonymous_2)
FN:24,(anonymous_3)
FN:33,(anonymous_4)
FNF:5
FNH:5
FNDA:9,(anonymous_0)
FNDA:9,(anonymous_1)
FNDA:9,(anonymous_2)
FNDA:9,(anonymous_3)
FNDA:9,(anonymous_4)
DA:3,9
DA:4,9
DA:5,9
DA:6,9
DA:7,9
DA:8,9
DA:11,9
DA:12,9
DA:13,9
DA:14,9
DA:17,9
DA:18,9
DA:19,9
DA:20,9
DA:21,9
DA:24,9
DA:25,9
DA:26,9
DA:27,9
DA:28,9
DA:29,9
DA:30,9
DA:33,9
DA:34,9
DA:35,9
DA:36,9
LF:26
LH:26
BRDA:3,0,0,9
BRDA:3,0,1,9
BRDA:11,1,0,9
BRDA:11,1,1,9
BRDA:17,2,0,9
BRDA:17,2,1,9
BRDA:24,3,0,9
BRDA:24,3,1,9
BRDA:33,4,0,9
BRDA:33,4,1,9
BRF:10
BRH:10
end_of_record
TN:
SF:src\common\enums\message.enum.ts
FN:2,(anonymous_0)
FNF:1
FNH:1
FNDA:9,(anonymous_0)
DA:2,9
DA:3,9
DA:4,9
DA:5,9
LF:4
LH:4
BRDA:2,0,0,9
BRDA:2,0,1,9
BRF:2
BRH:2
end_of_record
TN:
SF:src\common\enums\notification-type.enum.ts
FN:2,(anonymous_0)
FNF:1
FNH:1
FNDA:9,(anonymous_0)
DA:2,9
DA:3,9
DA:4,9
DA:5,9
DA:6,9
DA:7,9
LF:6
LH:6
BRDA:2,0,0,9
BRDA:2,0,1,9
BRF:2
BRH:2
end_of_record
TN:
SF:src\common\enums\otp-channel.enum.ts
FN:7,(anonymous_0)
FNF:1
FNH:1
FNDA:9,(anonymous_0)
DA:7,9
DA:8,9
DA:9,9
DA:10,9
LF:4
LH:4
BRDA:7,0,0,9
BRDA:7,0,1,9
BRF:2
BRH:2
end_of_record
TN:
SF:src\common\enums\page-type.enum.ts
FN:2,(anonymous_0)
FNF:1
FNH:1
FNDA:9,(anonymous_0)
DA:2,9
DA:3,9
DA:4,9
DA:5,9
DA:6,9
DA:7,9
LF:6
LH:6
BRDA:2,0,0,9
BRDA:2,0,1,9
BRF:2
BRH:2
end_of_record
TN:
SF:src\common\enums\policy-type.enum.ts
FN:2,(anonymous_0)
FNF:1
FNH:1
FNDA:9,(anonymous_0)
DA:2,9
DA:3,9
DA:4,9
LF:3
LH:3
BRDA:2,0,0,9
BRDA:2,0,1,9
BRF:2
BRH:2
end_of_record
TN:
SF:src\common\enums\provider-type.enum.ts
FN:2,(anonymous_0)
FNF:1
FNH:1
FNDA:9,(anonymous_0)
DA:2,9
DA:3,9
DA:4,9
DA:5,9
DA:6,9
LF:5
LH:5
BRDA:2,0,0,9
BRDA:2,0,1,9
BRF:2
BRH:2
end_of_record
TN:
SF:src\common\enums\role.enum.ts
FN:10,(anonymous_0)
FNF:1
FNH:1
FNDA:9,(anonymous_0)
DA:10,9
DA:11,9
DA:12,9
DA:13,9
LF:4
LH:4
BRDA:10,0,0,9
BRDA:10,0,1,9
BRF:2
BRH:2
end_of_record
TN:
SF:src\common\enums\sms-provider.enum.ts
FN:2,(anonymous_0)
FNF:1
FNH:1
FNDA:9,(anonymous_0)
DA:2,9
DA:3,9
DA:4,9
DA:5,9
DA:6,9
LF:5
LH:5
BRDA:2,0,0,9
BRDA:2,0,1,9
BRF:2
BRH:2
end_of_record
TN:
SF:src\common\enums\sms-status.enum.ts
FN:2,(anonymous_0)
FNF:1
FNH:1
FNDA:9,(anonymous_0)
DA:2,9
DA:3,9
DA:4,9
LF:3
LH:3
BRDA:2,0,0,9
BRDA:2,0,1,9
BRF:2
BRH:2
end_of_record
TN:
SF:src\common\enums\storage-type.enum.ts
FN:2,(anonymous_0)
FNF:1
FNH:1
FNDA:9,(anonymous_0)
DA:2,9
DA:3,9
DA:4,9
DA:5,9
DA:6,9
DA:7,9
LF:6
LH:6
BRDA:2,0,0,9
BRDA:2,0,1,9
BRF:2
BRH:2
end_of_record
TN:
SF:src\common\filters\http-exception.filter.ts
FN:26,(anonymous_1)
FNF:1
FNH:0
FNDA:0,(anonymous_1)
DA:2,0
DA:23,0
DA:24,0
DA:27,0
DA:28,0
DA:29,0
DA:33,0
DA:45,0
DA:55,0
DA:56,0
DA:58,0
DA:59,0
DA:60,0
DA:62,0
DA:63,0
DA:67,0
DA:69,0
DA:71,0
DA:72,0
DA:74,0
DA:78,0
DA:79,0
DA:85,0
LF:23
LH:0
BRDA:33,0,0,0
BRDA:33,0,1,0
BRDA:48,1,0,0
BRDA:48,1,1,0
BRDA:49,2,0,0
BRDA:49,2,1,0
BRDA:55,3,0,0
BRDA:55,3,1,0
BRDA:58,4,0,0
BRDA:58,4,1,0
BRDA:60,5,0,0
BRDA:60,5,1,0
BRDA:60,6,0,0
BRDA:60,6,1,0
BRDA:62,7,0,0
BRDA:62,7,1,0
BRDA:63,8,0,0
BRDA:63,8,1,0
BRDA:65,9,0,0
BRDA:65,9,1,0
BRDA:67,10,0,0
BRDA:67,10,1,0
BRDA:71,11,0,0
BRDA:71,11,1,0
BRDA:72,12,0,0
BRDA:72,12,1,0
BRDA:78,13,0,0
BRDA:80,14,0,0
BRDA:80,14,1,0
BRDA:80,15,0,0
BRDA:80,15,1,0
BRDA:81,16,0,0
BRDA:81,16,1,0
BRF:33
BRH:0
end_of_record
TN:
SF:src\common\guards\auth.guard.ts
FN:5,(anonymous_1)
FNF:1
FNH:0
FNDA:0,(anonymous_1)
DA:1,0
DA:4,0
DA:6,0
DA:7,0
LF:4
LH:0
BRF:0
BRH:0
end_of_record
TN:
SF:src\common\guards\otp.guard.ts
FN:5,(anonymous_1)
FNF:1
FNH:0
FNDA:0,(anonymous_1)
DA:1,0
DA:4,0
DA:6,0
DA:7,0
DA:8,0
LF:5
LH:0
BRDA:7,0,0,0
BRF:1
BRH:0
end_of_record
TN:
SF:src\common\guards\roles.guard.ts
FN:28,(anonymous_2)
FN:38,(anonymous_3)
FN:64,(anonymous_4)
FNF:3
FNH:1
FNDA:5,(anonymous_2)
FNDA:0,(anonymous_3)
FNDA:0,(anonymous_4)
DA:1,9
DA:7,9
DA:9,9
DA:27,9
DA:28,5
DA:40,0
DA:47,0
DA:48,0
DA:54,0
DA:57,0
DA:58,0
DA:64,0
DA:66,0
DA:67,0
DA:70,0
LF:15
LH:5
BRDA:47,0,0,0
BRDA:47,1,0,0
BRDA:47,1,1,0
BRDA:57,2,0,0
BRDA:57,3,0,0
BRDA:57,3,1,0
BRDA:66,4,0,0
BRDA:66,4,1,0
BRF:8
BRH:0
end_of_record
TN:
SF:src\common\interceptors\logging.interceptor.ts
FN:27,(anonymous_1)
FN:37,(anonymous_2)
FNF:2
FNH:0
FNDA:0,(anonymous_1)
FNDA:0,(anonymous_2)
DA:2,0
DA:10,0
DA:18,0
DA:19,0
DA:28,0
DA:29,0
DA:30,0
DA:32,0
DA:34,0
DA:38,0
DA:39,0
LF:11
LH:0
BRF:0
BRH:0
end_of_record
TN:
SF:src\common\interceptors\timeout.interceptor.ts
FN:22,(anonymous_2)
FN:31,(anonymous_3)
FN:34,(anonymous_4)
FNF:3
FNH:0
FNDA:0,(anonymous_2)
FNDA:0,(anonymous_3)
FNDA:0,(anonymous_4)
DA:2,0
DA:9,0
DA:10,0
DA:18,0
DA:22,0
DA:32,0
DA:35,0
DA:36,0
DA:40,0
LF:9
LH:0
BRDA:22,0,0,0
BRDA:35,1,0,0
BRF:2
BRH:0
end_of_record
TN:
SF:src\common\interceptors\transform.interceptor.ts
FN:36,(anonymous_1)
FN:44,(anonymous_2)
FNF:2
FNH:0
FNDA:0,(anonymous_1)
FNDA:0,(anonymous_2)
DA:2,0
DA:9,0
DA:27,0
DA:40,0
DA:42,0
DA:44,0
LF:6
LH:0
BRF:0
BRH:0
end_of_record
TN:
SF:src\common\pipes\validation.pipe.ts
FN:28,(anonymous_1)
FN:45,(anonymous_2)
FN:50,(anonymous_3)
FN:51,(anonymous_4)
FNF:4
FNH:0
FNDA:0,(anonymous_1)
FNDA:0,(anonymous_2)
FNDA:0,(anonymous_3)
FNDA:0,(anonymous_4)
DA:2,0
DA:9,0
DA:10,0
DA:20,0
DA:29,0
DA:30,0
DA:32,0
DA:33,0
DA:35,0
DA:36,0
DA:37,0
DA:42,0
DA:46,0
DA:47,0
DA:51,0
DA:52,0
DA:53,0
LF:17
LH:0
BRDA:29,0,0,0
BRDA:29,1,0,0
BRDA:29,1,1,0
BRDA:35,2,0,0
BRF:4
BRH:0
end_of_record
TN:
SF:src\common\swagger\swagger.config.ts
FN:4,setupSwagger
FN:113,(anonymous_1)
FNF:2
FNH:0
FNDA:0,setupSwagger
FNDA:0,(anonymous_1)
DA:2,0
DA:4,0
DA:5,0
DA:112,0
DA:113,0
DA:116,0
LF:6
LH:0
BRDA:80,0,0,0
BRDA:80,0,1,0
BRDA:83,1,0,0
BRDA:83,1,1,0
BRF:4
BRH:0
end_of_record
TN:
SF:src\common\utils\date.utils.ts
FN:10,toIso
FN:22,addMinutes
FNF:2
FNH:0
FNDA:0,toIso
FNDA:0,addMinutes
DA:10,0
DA:11,0
DA:12,0
DA:22,0
DA:23,0
LF:5
LH:0
BRDA:11,0,0,0
BRDA:22,1,0,0
BRF:2
BRH:0
end_of_record
TN:
SF:src\common\utils\file.utils.ts
FN:12,uniqueFilename
FNF:1
FNH:0
FNDA:0,uniqueFilename
DA:2,0
DA:3,0
DA:12,0
DA:13,0
DA:14,0
DA:15,0
DA:18,0
DA:20,0
LF:8
LH:0
BRDA:13,0,0,0
BRDA:13,0,1,0
BRDA:14,1,0,0
BRDA:14,1,1,0
BRF:4
BRH:0
end_of_record
TN:
SF:src\common\utils\generate-otp.ts
FN:11,generateOTP
FNF:1
FNH:0
FNDA:0,generateOTP
DA:2,0
DA:11,0
DA:12,0
DA:13,0
DA:15,0
DA:16,0
DA:17,0
LF:7
LH:0
BRDA:11,0,0,0
BRDA:12,1,0,0
BRF:2
BRH:0
end_of_record
TN:
SF:src\common\utils\sms.utils.ts
FN:17,sendSmsTwilio
FN:29,(anonymous_11)
FN:48,sendSmsAfricasTalking
FN:83,sendSmsTermii
FNF:4
FNH:0
FNDA:0,sendSmsTwilio
FNDA:0,(anonymous_11)
FNDA:0,sendSmsAfricasTalking
FNDA:0,sendSmsTermii
DA:2,0
DA:3,0
DA:5,0
DA:17,0
DA:18,0
DA:19,0
DA:20,0
DA:22,0
DA:23,0
DA:24,0
DA:25,0
DA:28,0
DA:29,0
DA:30,0
DA:31,0
DA:32,0
DA:34,0
DA:35,0
DA:48,0
DA:49,0
DA:50,0
DA:51,0
DA:53,0
DA:54,0
DA:55,0
DA:56,0
DA:61,0
DA:62,0
DA:63,0
DA:69,0
DA:70,0
DA:83,0
DA:84,0
DA:85,0
DA:86,0
DA:88,0
DA:89,0
DA:90,0
DA:91,0
DA:94,0
DA:103,0
DA:104,0
DA:105,0
DA:107,0
DA:108,0
LF:45
LH:0
BRDA:22,0,0,0
BRDA:22,1,0,0
BRDA:22,1,1,0
BRDA:22,1,2,0
BRDA:53,2,0,0
BRDA:53,3,0,0
BRDA:53,3,1,0
BRDA:62,4,0,0
BRDA:62,4,1,0
BRDA:88,5,0,0
BRDA:88,6,0,0
BRDA:88,6,1,0
BRDA:107,7,0,0
BRDA:107,7,1,0
BRF:14
BRH:0
end_of_record
TN:
SF:src\jobs\jobs.controller.ts
FN:27,(anonymous_4)
FN:142,(anonymous_5)
FN:149,(anonymous_6)
FN:158,(anonymous_7)
FN:170,(anonymous_8)
FN:182,(anonymous_9)
FN:190,(anonymous_10)
FNF:7
FNH:0
FNDA:0,(anonymous_4)
FNDA:0,(anonymous_5)
FNDA:0,(anonymous_6)
FNDA:0,(anonymous_7)
FNDA:0,(anonymous_8)
FNDA:0,(anonymous_9)
FNDA:0,(anonymous_10)
DA:2,9
DA:13,9
DA:14,9
DA:15,9
DA:16,9
DA:17,9
DA:18,9
DA:19,9
DA:20,9
DA:21,9
DA:22,9
DA:26,9
DA:27,0
DA:142,9
DA:143,0
DA:149,9
DA:150,0
DA:158,9
DA:159,0
DA:170,9
DA:171,0
DA:182,9
DA:183,0
DA:190,9
DA:191,0
LF:25
LH:18
BRDA:191,0,0,0
BRDA:191,0,1,0
BRF:2
BRH:0
end_of_record
TN:
SF:src\jobs\jobs.module.ts
FNF:0
FNH:0
DA:2,9
DA:3,9
DA:4,9
DA:5,9
DA:6,9
DA:7,9
DA:8,9
DA:9,9
DA:10,9
DA:11,9
DA:12,9
DA:13,9
DA:14,9
DA:15,9
DA:16,9
DA:17,9
DA:18,9
DA:19,9
DA:20,9
DA:39,9
LF:20
LH:20
BRF:0
BRH:0
end_of_record
TN:
SF:src\jobs\jobs.service.ts
FN:21,(anonymous_4)
FN:33,(anonymous_5)
FN:54,(anonymous_6)
FN:67,(anonymous_7)
FN:84,(anonymous_8)
FN:105,(anonymous_9)
FN:125,(anonymous_10)
FNF:7
FNH:7
FNDA:13,(anonymous_4)
FNDA:1,(anonymous_5)
FNDA:1,(anonymous_6)
FNDA:2,(anonymous_7)
FNDA:3,(anonymous_8)
FNDA:3,(anonymous_9)
FNDA:2,(anonymous_10)
DA:2,9
DA:7,9
DA:8,9
DA:9,9
DA:12,9
DA:13,9
DA:20,9
DA:23,13
DA:34,1
DA:35,0
DA:40,1
DA:47,1
DA:55,1
DA:68,2
DA:72,2
DA:73,1
DA:75,1
DA:85,3
DA:87,3
DA:88,1
DA:91,2
DA:92,1
DA:95,1
DA:96,1
DA:106,3
DA:108,3
DA:109,1
DA:112,2
DA:113,1
DA:116,1
DA:117,1
DA:126,2
LF:32
LH:31
BRDA:34,0,0,0
BRDA:44,1,0,1
BRDA:44,1,1,1
BRDA:72,2,0,1
BRDA:87,3,0,1
BRDA:87,4,0,3
BRDA:87,4,1,3
BRDA:91,5,0,1
BRDA:108,6,0,1
BRDA:108,7,0,3
BRDA:108,7,1,3
BRDA:112,8,0,1
BRDA:125,9,0,1
BRF:13
BRH:12
end_of_record
TN:
SF:src\jobs\filters\job-filters.service.ts
FN:28,(anonymous_1)
FN:34,(anonymous_2)
FNF:2
FNH:0
FNDA:0,(anonymous_1)
FNDA:0,(anonymous_2)
DA:2,9
DA:5,9
DA:20,9
DA:32,0
DA:33,0
DA:35,0
DA:42,0
DA:43,0
DA:48,0
DA:49,0
DA:54,0
DA:55,0
DA:58,0
DA:59,0
DA:62,0
LF:15
LH:3
BRDA:32,0,0,0
BRDA:42,1,0,0
BRDA:48,2,0,0
BRDA:54,3,0,0
BRDA:58,4,0,0
BRF:5
BRH:0
end_of_record
TN:
SF:src\jobs\job-application\application.controller.ts
FN:28,(anonymous_4)
FN:36,(anonymous_5)
FN:42,(anonymous_6)
FN:50,(anonymous_7)
FN:61,(anonymous_8)
FNF:5
FNH:0
FNDA:0,(anonymous_4)
FNDA:0,(anonymous_5)
FNDA:0,(anonymous_6)
FNDA:0,(anonymous_7)
FNDA:0,(anonymous_8)
DA:2,9
DA:12,9
DA:13,9
DA:14,9
DA:15,9
DA:16,9
DA:17,9
DA:18,9
DA:19,9
DA:20,9
DA:21,9
DA:27,9
DA:28,0
DA:36,9
DA:37,0
DA:42,9
DA:43,0
DA:50,9
DA:51,0
DA:61,9
DA:66,0
LF:21
LH:16
BRF:0
BRH:0
end_of_record
TN:
SF:src\jobs\job-application\application.service.ts
FN:23,(anonymous_4)
FN:35,(anonymous_5)
FN:72,(anonymous_6)
FN:90,(anonymous_7)
FN:119,(anonymous_8)
FN:149,(anonymous_9)
FNF:6
FNH:6
FNDA:12,(anonymous_4)
FNDA:3,(anonymous_5)
FNDA:1,(anonymous_6)
FNDA:5,(anonymous_7)
FNDA:3,(anonymous_8)
FNDA:2,(anonymous_9)
DA:2,9
DA:8,9
DA:9,9
DA:10,9
DA:13,9
DA:14,9
DA:22,9
DA:25,12
DA:26,12
DA:39,3
DA:40,0
DA:44,3
DA:47,2
DA:54,2
DA:55,1
DA:58,1
DA:63,1
DA:73,1
DA:74,1
DA:81,0
DA:91,5
DA:96,5
DA:97,2
DA:101,3
DA:102,0
DA:104,3
DA:105,0
DA:108,3
DA:125,3
DA:128,2
DA:129,2
DA:133,0
DA:134,0
DA:137,0
DA:138,0
DA:139,0
DA:142,0
DA:150,2
DA:151,2
DA:152,1
LF:40
LH:30
BRDA:39,0,0,0
BRDA:54,1,0,1
BRDA:73,2,0,1
BRDA:96,3,0,2
BRDA:101,4,0,0
BRDA:101,5,0,3
BRDA:101,5,1,2
BRDA:104,6,0,0
BRDA:104,7,0,3
BRDA:104,7,1,0
BRDA:128,8,0,2
BRDA:133,9,0,0
BRDA:138,10,0,0
BRDA:151,11,0,1
BRF:14
BRH:8
end_of_record
TN:
SF:src\jobs\job-search\job-search.controller.ts
FN:27,(anonymous_4)
FN:36,(anonymous_5)
FN:74,(anonymous_6)
FN:88,(anonymous_7)
FN:99,(anonymous_8)
FN:110,(anonymous_9)
FN:124,(anonymous_10)
FNF:7
FNH:0
FNDA:0,(anonymous_4)
FNDA:0,(anonymous_5)
FNDA:0,(anonymous_6)
FNDA:0,(anonymous_7)
FNDA:0,(anonymous_8)
FNDA:0,(anonymous_9)
FNDA:0,(anonymous_10)
DA:2,9
DA:10,9
DA:11,9
DA:12,9
DA:13,9
DA:14,9
DA:15,9
DA:16,9
DA:26,9
DA:27,0
DA:36,9
DA:49,0
DA:62,0
DA:74,9
DA:78,0
DA:88,9
DA:89,0
DA:99,9
DA:100,0
DA:110,9
DA:114,0
DA:124,9
DA:130,0
LF:23
LH:15
BRF:0
BRH:0
end_of_record
TN:
SF:src\jobs\job-search\job-search.service.ts
FN:30,(anonymous_4)
FN:47,(anonymous_5)
FN:120,(anonymous_6)
FN:144,(anonymous_7)
FN:181,(anonymous_8)
FN:181,(anonymous_9)
FN:218,(anonymous_10)
FN:226,(anonymous_11)
FN:246,(anonymous_12)
FN:274,(anonymous_13)
FN:295,(anonymous_14)
FN:353,(anonymous_15)
FN:354,(anonymous_16)
FN:355,(anonymous_17)
FN:356,(anonymous_18)
FN:357,(anonymous_19)
FN:362,(anonymous_20)
FN:370,(anonymous_21)
FN:413,(anonymous_22)
FN:434,(anonymous_23)
FN:455,(anonymous_24)
FN:470,(anonymous_25)
FN:491,(anonymous_26)
FN:538,(anonymous_27)
FN:557,(anonymous_28)
FN:575,(anonymous_29)
FN:591,(anonymous_30)
FN:598,(anonymous_31)
FN:618,(anonymous_32)
FN:633,(anonymous_33)
FN:644,(anonymous_34)
FN:651,(anonymous_35)
FNF:32
FNH:0
FNDA:0,(anonymous_4)
FNDA:0,(anonymous_5)
FNDA:0,(anonymous_6)
FNDA:0,(anonymous_7)
FNDA:0,(anonymous_8)
FNDA:0,(anonymous_9)
FNDA:0,(anonymous_10)
FNDA:0,(anonymous_11)
FNDA:0,(anonymous_12)
FNDA:0,(anonymous_13)
FNDA:0,(anonymous_14)
FNDA:0,(anonymous_15)
FNDA:0,(anonymous_16)
FNDA:0,(anonymous_17)
FNDA:0,(anonymous_18)
FNDA:0,(anonymous_19)
FNDA:0,(anonymous_20)
FNDA:0,(anonymous_21)
FNDA:0,(anonymous_22)
FNDA:0,(anonymous_23)
FNDA:0,(anonymous_24)
FNDA:0,(anonymous_25)
FNDA:0,(anonymous_26)
FNDA:0,(anonymous_27)
FNDA:0,(anonymous_28)
FNDA:0,(anonymous_29)
FNDA:0,(anonymous_30)
FNDA:0,(anonymous_31)
FNDA:0,(anonymous_32)
FNDA:0,(anonymous_33)
FNDA:0,(anonymous_34)
FNDA:0,(anonymous_35)
DA:2,9
DA:3,9
DA:4,9
DA:5,9
DA:6,9
DA:7,9
DA:8,9
DA:9,9
DA:10,9
DA:21,9
DA:22,9
DA:29,9
DA:32,0
DA:34,0
DA:36,0
DA:38,0
DA:40,0
DA:41,0
DA:51,0
DA:52,0
DA:54,0
DA:63,0
DA:64,0
DA:70,0
DA:71,0
DA:77,0
DA:78,0
DA:83,0
DA:84,0
DA:89,0
DA:90,0
DA:95,0
DA:96,0
DA:101,0
DA:102,0
DA:107,0
DA:108,0
DA:112,0
DA:113,0
DA:114,0
DA:116,0
DA:119,0
DA:120,0
DA:123,0
DA:124,0
DA:126,0
DA:148,0
DA:150,0
DA:151,0
DA:155,0
DA:159,0
DA:160,0
DA:176,0
DA:181,0
DA:184,0
DA:193,0
DA:194,0
DA:198,0
DA:199,0
DA:205,0
DA:206,0
DA:212,0
DA:214,0
DA:217,0
DA:219,0
DA:220,0
DA:221,0
DA:226,0
DA:228,0
DA:247,0
DA:250,0
DA:251,0
DA:253,0
DA:267,0
DA:273,0
DA:274,0
DA:277,0
DA:303,0
DA:344,0
DA:352,0
DA:353,0
DA:354,0
DA:355,0
DA:356,0
DA:357,0
DA:362,0
DA:374,0
DA:377,0
DA:382,0
DA:383,0
DA:387,0
DA:406,0
DA:412,0
DA:413,0
DA:416,0
DA:438,0
DA:439,0
DA:443,0
DA:455,0
DA:456,0
DA:457,0
DA:459,0
DA:466,0
DA:469,0
DA:470,0
DA:473,0
DA:492,0
DA:493,0
DA:497,0
DA:501,0
DA:539,0
DA:542,0
DA:543,0
DA:544,0
DA:545,0
DA:546,0
DA:547,0
DA:551,0
DA:552,0
DA:556,0
DA:557,0
DA:558,0
DA:560,0
DA:561,0
DA:565,0
DA:566,0
DA:569,0
DA:576,0
DA:577,0
DA:578,0
DA:581,0
DA:587,0
DA:588,0
DA:592,0
DA:602,0
DA:604,0
DA:606,0
DA:622,0
DA:624,0
DA:638,0
DA:645,0
DA:652,0
LF:142
LH:12
BRDA:51,0,0,0
BRDA:51,1,0,0
BRDA:63,2,0,0
BRDA:70,3,0,0
BRDA:77,4,0,0
BRDA:83,5,0,0
BRDA:89,6,0,0
BRDA:95,7,0,0
BRDA:101,8,0,0
BRDA:107,9,0,0
BRDA:112,10,0,0
BRDA:112,10,1,0
BRDA:113,11,0,0
BRDA:113,11,1,0
BRDA:131,12,0,0
BRDA:131,12,1,0
BRDA:148,13,0,0
BRDA:148,14,0,0
BRDA:150,15,0,0
BRDA:159,16,0,0
BRDA:193,17,0,0
BRDA:198,18,0,0
BRDA:205,19,0,0
BRDA:226,20,0,0
BRDA:226,20,1,0
BRDA:226,21,0,0
BRDA:226,21,1,0
BRDA:247,22,0,0
BRDA:247,23,0,0
BRDA:374,24,0,0
BRDA:374,25,0,0
BRDA:382,26,0,0
BRDA:438,27,0,0
BRDA:438,28,0,0
BRDA:439,29,0,0
BRDA:457,30,0,0
BRDA:457,31,0,0
BRDA:457,31,1,0
BRDA:510,32,0,0
BRDA:510,32,1,0
BRDA:510,33,0,0
BRDA:510,33,1,0
BRDA:516,34,0,0
BRDA:516,34,1,0
BRDA:517,35,0,0
BRDA:517,35,1,0
BRDA:519,36,0,0
BRDA:519,36,1,0
BRDA:542,37,0,0
BRDA:542,37,1,0
BRDA:542,38,0,0
BRDA:542,38,1,0
BRDA:544,39,0,0
BRDA:544,39,1,0
BRDA:544,40,0,0
BRDA:544,40,1,0
BRDA:546,41,0,0
BRDA:546,42,0,0
BRDA:546,42,1,0
BRDA:551,43,0,0
BRDA:556,44,0,0
BRDA:556,45,0,0
BRDA:556,45,1,0
BRDA:565,46,0,0
BRDA:602,47,0,0
BRDA:602,48,0,0
BRDA:620,49,0,0
BRDA:635,50,0,0
BRDA:636,51,0,0
BRF:69
BRH:0
end_of_record
TN:
SF:src\jobs\saved-jobs\saved-jobs.controller.ts
FN:23,(anonymous_4)
FN:28,(anonymous_5)
FN:41,(anonymous_6)
FN:52,(anonymous_7)
FN:63,(anonymous_8)
FNF:5
FNH:0
FNDA:0,(anonymous_4)
FNDA:0,(anonymous_5)
FNDA:0,(anonymous_6)
FNDA:0,(anonymous_7)
FNDA:0,(anonymous_8)
DA:1,9
DA:12,9
DA:13,9
DA:14,9
DA:15,9
DA:16,9
DA:22,9
DA:23,0
DA:28,9
DA:33,0
DA:41,9
DA:45,0
DA:52,9
DA:56,0
DA:57,0
DA:63,9
DA:67,0
DA:68,0
LF:18
LH:11
BRDA:30,0,0,0
BRDA:31,1,0,0
BRF:2
BRH:0
end_of_record
TN:
SF:src\jobs\saved-jobs\saved-jobs.service.ts
FN:10,(anonymous_4)
FN:17,(anonymous_5)
FN:40,(anonymous_6)
FN:52,(anonymous_7)
FN:66,(anonymous_8)
FN:76,(anonymous_9)
FNF:6
FNH:6
FNDA:10,(anonymous_4)
FNDA:3,(anonymous_5)
FNDA:2,(anonymous_6)
FNDA:2,(anonymous_7)
FNDA:1,(anonymous_8)
FNDA:2,(anonymous_9)
DA:1,9
DA:2,9
DA:3,9
DA:4,9
DA:5,9
DA:9,9
DA:12,10
DA:14,10
DA:19,3
DA:20,3
DA:21,1
DA:25,2
DA:28,2
DA:29,1
DA:32,1
DA:37,1
DA:41,2
DA:45,2
DA:46,1
DA:49,1
DA:58,2
DA:66,2
DA:68,2
DA:77,2
DA:81,2
LF:25
LH:25
BRDA:20,0,0,1
BRDA:28,1,0,1
BRDA:45,2,0,1
BRDA:52,3,0,1
BRDA:52,4,0,1
BRF:5
BRH:5
end_of_record
TN:
SF:src\messaging\chat.gateway.ts
FN:32,(anonymous_4)
FN:34,(anonymous_5)
FN:48,(anonymous_6)
FN:59,(anonymous_7)
FN:80,(anonymous_8)
FNF:5
FNH:0
FNDA:0,(anonymous_4)
FNDA:0,(anonymous_5)
FNDA:0,(anonymous_6)
FNDA:0,(anonymous_7)
FNDA:0,(anonymous_8)
DA:2,0
DA:11,0
DA:12,0
DA:14,0
DA:15,0
DA:16,0
DA:25,0
DA:27,0
DA:29,0
DA:30,0
DA:32,0
DA:35,0
DA:37,0
DA:38,0
DA:39,0
DA:40,0
DA:43,0
DA:44,0
DA:45,0
DA:49,0
DA:50,0
DA:51,0
DA:52,0
DA:54,0
DA:59,0
DA:63,0
DA:64,0
DA:65,0
DA:66,0
DA:69,0
DA:70,0
DA:71,0
DA:73,0
DA:74,0
DA:75,0
DA:80,0
DA:84,0
DA:85,0
DA:86,0
DA:88,0
DA:89,0
LF:41
LH:0
BRDA:37,0,0,0
BRDA:45,1,0,0
BRDA:45,1,1,0
BRDA:50,2,0,0
BRDA:50,2,1,0
BRDA:51,3,0,0
BRDA:51,3,1,0
BRDA:64,4,0,0
BRDA:73,5,0,0
BRDA:73,5,1,0
BRDA:84,6,0,0
BRF:11
BRH:0
end_of_record
TN:
SF:src\messaging\chat.module.ts
FNF:0
FNH:0
DA:2,0
DA:3,0
DA:4,0
DA:5,0
DA:6,0
DA:7,0
DA:8,0
DA:9,0
DA:10,0
DA:26,0
LF:10
LH:0
BRF:0
BRH:0
end_of_record
TN:
SF:src\messaging\chat.service.ts
FN:14,(anonymous_4)
FN:26,(anonymous_5)
FN:59,(anonymous_6)
FN:78,(anonymous_7)
FNF:4
FNH:0
FNDA:0,(anonymous_4)
FNDA:0,(anonymous_5)
FNDA:0,(anonymous_6)
FNDA:0,(anonymous_7)
DA:2,0
DA:3,0
DA:4,0
DA:6,0
DA:7,0
DA:8,0
DA:13,0
DA:16,0
DA:18,0
DA:20,0
DA:30,0
DA:33,0
DA:36,0
DA:37,0
DA:41,0
DA:42,0
DA:43,0
DA:46,0
DA:53,0
DA:63,0
DA:64,0
DA:65,0
DA:68,0
DA:79,0
DA:82,0
LF:25
LH:0
BRDA:36,0,0,0
BRDA:42,1,0,0
BRDA:49,2,0,0
BRDA:49,2,1,0
BRDA:64,3,0,0
BRF:5
BRH:0
end_of_record
TN:
SF:src\messaging\enhanced-chat.gateway.ts
FN:40,(anonymous_4)
FN:42,(anonymous_5)
FN:63,(anonymous_6)
FN:82,(anonymous_7)
FN:118,(anonymous_8)
FN:143,(anonymous_9)
FN:167,(anonymous_10)
FN:184,(anonymous_11)
FN:204,(anonymous_12)
FN:244,(anonymous_13)
FN:285,(anonymous_14)
FN:307,(anonymous_15)
FN:310,(anonymous_16)
FN:333,(anonymous_17)
FN:337,(anonymous_18)
FN:349,(anonymous_19)
FN:354,(anonymous_20)
FN:355,(anonymous_21)
FN:357,(anonymous_22)
FN:376,(anonymous_23)
FN:386,(anonymous_24)
FN:393,(anonymous_25)
FN:400,(anonymous_26)
FNF:23
FNH:0
FNDA:0,(anonymous_4)
FNDA:0,(anonymous_5)
FNDA:0,(anonymous_6)
FNDA:0,(anonymous_7)
FNDA:0,(anonymous_8)
FNDA:0,(anonymous_9)
FNDA:0,(anonymous_10)
FNDA:0,(anonymous_11)
FNDA:0,(anonymous_12)
FNDA:0,(anonymous_13)
FNDA:0,(anonymous_14)
FNDA:0,(anonymous_15)
FNDA:0,(anonymous_16)
FNDA:0,(anonymous_17)
FNDA:0,(anonymous_18)
FNDA:0,(anonymous_19)
FNDA:0,(anonymous_20)
FNDA:0,(anonymous_21)
FNDA:0,(anonymous_22)
FNDA:0,(anonymous_23)
FNDA:0,(anonymous_24)
FNDA:0,(anonymous_25)
FNDA:0,(anonymous_26)
DA:1,9
DA:10,9
DA:11,9
DA:13,9
DA:14,9
DA:15,9
DA:18,9
DA:32,9
DA:34,9
DA:36,0
DA:37,0
DA:38,0
DA:40,0
DA:43,0
DA:45,0
DA:46,0
DA:47,0
DA:48,0
DA:51,0
DA:52,0
DA:55,0
DA:57,0
DA:60,0
DA:64,0
DA:65,0
DA:66,0
DA:67,0
DA:69,0
DA:72,0
DA:74,0
DA:82,9
DA:86,0
DA:87,0
DA:88,0
DA:89,0
DA:92,0
DA:93,0
DA:96,0
DA:99,0
DA:104,0
DA:106,0
DA:107,0
DA:118,9
DA:122,0
DA:123,0
DA:124,0
DA:125,0
DA:128,0
DA:129,0
DA:130,0
DA:133,0
DA:135,0
DA:137,0
DA:138,0
DA:141,0
DA:142,0
DA:143,0
DA:144,0
DA:147,0
DA:155,0
DA:156,0
DA:167,9
DA:171,0
DA:172,0
DA:173,0
DA:176,0
DA:177,0
DA:184,9
DA:188,0
DA:189,0
DA:192,0
DA:204,9
DA:208,0
DA:209,0
DA:211,0
DA:212,0
DA:215,0
DA:222,0
DA:223,0
DA:224,0
DA:232,0
DA:233,0
DA:244,9
DA:252,0
DA:253,0
DA:254,0
DA:255,0
DA:258,0
DA:259,0
DA:266,0
DA:269,0
DA:271,0
DA:273,0
DA:274,0
DA:285,9
DA:296,0
DA:297,0
DA:298,0
DA:299,0
DA:302,0
DA:303,0
DA:306,0
DA:307,0
DA:310,0
DA:311,0
DA:312,0
DA:317,0
DA:319,0
DA:321,0
DA:322,0
DA:333,9
DA:337,0
DA:343,0
DA:350,0
DA:352,0
DA:354,0
DA:355,0
DA:357,0
DA:358,0
DA:359,0
DA:360,0
DA:369,0
DA:377,0
DA:378,0
DA:379,0
DA:387,0
DA:394,0
DA:401,0
LF:128
LH:17
BRDA:45,0,0,0
BRDA:65,1,0,0
BRDA:65,1,1,0
BRDA:87,2,0,0
BRDA:123,3,0,0
BRDA:128,4,0,0
BRDA:142,5,0,0
BRDA:171,6,0,0
BRDA:189,7,0,0
BRDA:209,8,0,0
BRDA:222,9,0,0
BRDA:253,10,0,0
BRDA:261,11,0,0
BRDA:261,11,1,0
BRDA:297,12,0,0
BRDA:311,13,0,0
BRDA:359,14,0,0
BRDA:378,15,0,0
BRDA:28,16,0,9
BRDA:28,16,1,9
BRF:20
BRH:2
end_of_record
TN:
SF:src\messaging\messaging.module.ts
FNF:0
FNH:0
DA:1,9
DA:2,9
DA:3,9
DA:4,9
DA:5,9
DA:6,9
DA:7,9
DA:8,9
DA:9,9
DA:10,9
DA:11,9
DA:12,9
DA:13,9
DA:32,9
LF:14
LH:14
BRF:0
BRH:0
end_of_record
TN:
SF:src\messaging\controllers\chat.controller.ts
FN:43,(anonymous_4)
FN:57,(anonymous_5)
FN:80,(anonymous_6)
FN:99,(anonymous_7)
FN:118,(anonymous_8)
FN:138,(anonymous_9)
FN:159,(anonymous_10)
FN:179,(anonymous_11)
FN:201,(anonymous_12)
FN:221,(anonymous_13)
FN:239,(anonymous_14)
FN:257,(anonymous_15)
FN:276,(anonymous_16)
FN:307,(anonymous_17)
FN:328,(anonymous_18)
FNF:15
FNH:0
FNDA:0,(anonymous_4)
FNDA:0,(anonymous_5)
FNDA:0,(anonymous_6)
FNDA:0,(anonymous_7)
FNDA:0,(anonymous_8)
FNDA:0,(anonymous_9)
FNDA:0,(anonymous_10)
FNDA:0,(anonymous_11)
FNDA:0,(anonymous_12)
FNDA:0,(anonymous_13)
FNDA:0,(anonymous_14)
FNDA:0,(anonymous_15)
FNDA:0,(anonymous_16)
FNDA:0,(anonymous_17)
FNDA:0,(anonymous_18)
DA:1,9
DA:16,9
DA:17,9
DA:18,9
DA:19,9
DA:20,9
DA:21,9
DA:22,9
DA:31,9
DA:42,9
DA:43,0
DA:57,9
DA:61,0
DA:80,9
DA:84,0
DA:99,9
DA:103,0
DA:118,9
DA:124,0
DA:138,9
DA:143,0
DA:144,0
DA:159,9
DA:164,0
DA:165,0
DA:179,9
DA:184,0
DA:185,0
DA:201,9
DA:205,0
DA:221,9
DA:227,0
DA:239,9
DA:243,0
DA:244,0
DA:257,9
DA:262,0
DA:263,0
DA:276,9
DA:288,0
DA:307,9
DA:311,0
DA:328,9
DA:332,0
LF:44
LH:24
BRDA:223,0,0,0
BRDA:224,1,0,0
BRF:2
BRH:0
end_of_record
TN:
SF:src\messaging\interview\interview.controller.ts
FN:23,(anonymous_4)
FN:29,(anonymous_5)
FN:37,(anonymous_6)
FNF:3
FNH:0
FNDA:0,(anonymous_4)
FNDA:0,(anonymous_5)
FNDA:0,(anonymous_6)
DA:2,0
DA:11,0
DA:12,0
DA:13,0
DA:14,0
DA:15,0
DA:16,0
DA:22,0
DA:23,0
DA:29,0
DA:30,0
DA:37,0
DA:38,0
LF:13
LH:0
BRF:0
BRH:0
end_of_record
TN:
SF:src\messaging\interview\interview.module.ts
FNF:0
FNH:0
DA:2,0
DA:3,0
DA:4,0
DA:5,0
DA:6,0
DA:7,0
DA:8,0
DA:9,0
DA:26,0
LF:9
LH:0
BRF:0
BRH:0
end_of_record
TN:
SF:src\messaging\interview\interview.service.ts
FN:13,(anonymous_4)
FN:26,(anonymous_5)
FN:54,(anonymous_6)
FNF:3
FNH:0
FNDA:0,(anonymous_4)
FNDA:0,(anonymous_5)
FNDA:0,(anonymous_6)
DA:2,0
DA:3,0
DA:4,0
DA:5,0
DA:8,0
DA:9,0
DA:12,0
DA:15,0
DA:17,0
DA:27,0
DA:32,0
DA:33,0
DA:37,0
DA:38,0
DA:41,0
DA:46,0
DA:55,0
DA:56,0
DA:57,0
DA:59,0
LF:20
LH:0
BRDA:32,0,0,0
BRDA:37,1,0,0
BRDA:37,2,0,0
BRDA:37,2,1,0
BRDA:56,3,0,0
BRF:5
BRH:0
end_of_record
TN:
SF:src\messaging\interview\scheduler.ts
FN:36,(anonymous_0)
FN:47,(anonymous_1)
FNF:2
FNH:0
FNDA:0,(anonymous_0)
FNDA:0,(anonymous_1)
DA:2,0
DA:4,0
DA:30,0
DA:37,0
DA:48,0
LF:5
LH:0
BRF:0
BRH:0
end_of_record
TN:
SF:src\messaging\services\enhanced-chat.service.ts
FN:26,(anonymous_4)
FN:46,(anonymous_5)
FN:91,(anonymous_6)
FN:108,(anonymous_7)
FN:160,(anonymous_8)
FN:172,(anonymous_9)
FN:188,(anonymous_10)
FN:236,(anonymous_11)
FN:237,(anonymous_12)
FN:239,(anonymous_13)
FN:264,(anonymous_14)
FN:294,(anonymous_15)
FN:297,(anonymous_16)
FN:309,(anonymous_17)
FN:328,(anonymous_18)
FN:342,(anonymous_19)
FN:357,(anonymous_20)
FN:363,(anonymous_21)
FN:381,(anonymous_22)
FN:396,(anonymous_23)
FN:412,(anonymous_24)
FN:428,(anonymous_25)
FN:460,(anonymous_26)
FN:470,(anonymous_27)
FN:488,(anonymous_28)
FN:504,(anonymous_29)
FN:544,(anonymous_30)
FN:568,(anonymous_31)
FNF:28
FNH:0
FNDA:0,(anonymous_4)
FNDA:0,(anonymous_5)
FNDA:0,(anonymous_6)
FNDA:0,(anonymous_7)
FNDA:0,(anonymous_8)
FNDA:0,(anonymous_9)
FNDA:0,(anonymous_10)
FNDA:0,(anonymous_11)
FNDA:0,(anonymous_12)
FNDA:0,(anonymous_13)
FNDA:0,(anonymous_14)
FNDA:0,(anonymous_15)
FNDA:0,(anonymous_16)
FNDA:0,(anonymous_17)
FNDA:0,(anonymous_18)
FNDA:0,(anonymous_19)
FNDA:0,(anonymous_20)
FNDA:0,(anonymous_21)
FNDA:0,(anonymous_22)
FNDA:0,(anonymous_23)
FNDA:0,(anonymous_24)
FNDA:0,(anonymous_25)
FNDA:0,(anonymous_26)
FNDA:0,(anonymous_27)
FNDA:0,(anonymous_28)
FNDA:0,(anonymous_29)
FNDA:0,(anonymous_30)
FNDA:0,(anonymous_31)
DA:1,9
DA:2,9
DA:3,9
DA:4,9
DA:5,9
DA:6,9
DA:7,9
DA:8,9
DA:9,9
DA:10,9
DA:25,9
DA:28,0
DA:30,0
DA:32,0
DA:34,0
DA:36,0
DA:38,0
DA:40,0
DA:50,0
DA:53,0
DA:58,0
DA:59,0
DA:63,0
DA:64,0
DA:65,0
DA:69,0
DA:70,0
DA:75,0
DA:88,0
DA:91,0
DA:92,0
DA:100,0
DA:102,0
DA:112,0
DA:114,0
DA:125,0
DA:126,0
DA:129,0
DA:130,0
DA:133,0
DA:134,0
DA:137,0
DA:138,0
DA:144,0
DA:145,0
DA:151,0
DA:157,0
DA:159,0
DA:160,0
DA:163,0
DA:176,0
DA:179,0
DA:184,0
DA:185,0
DA:188,0
DA:189,0
DA:190,0
DA:194,0
DA:195,0
DA:196,0
DA:199,0
DA:200,0
DA:205,0
DA:206,0
DA:207,0
DA:211,0
DA:212,0
DA:217,0
DA:227,0
DA:230,0
DA:235,0
DA:236,0
DA:237,0
DA:239,0
DA:240,0
DA:247,0
DA:250,0
DA:256,0
DA:258,0
DA:271,0
DA:272,0
DA:273,0
DA:276,0
DA:294,0
DA:296,0
DA:297,0
DA:300,0
DA:310,0
DA:312,0
DA:333,0
DA:347,0
DA:352,0
DA:353,0
DA:357,0
DA:358,0
DA:359,0
DA:363,0
DA:364,0
DA:365,0
DA:368,0
DA:375,0
DA:386,0
DA:391,0
DA:392,0
DA:396,0
DA:397,0
DA:398,0
DA:402,0
DA:403,0
DA:406,0
DA:417,0
DA:418,0
DA:419,0
DA:422,0
DA:432,0
DA:433,0
DA:434,0
DA:437,0
DA:450,0
DA:451,0
DA:454,0
DA:461,0
DA:464,0
DA:475,0
DA:476,0
DA:479,0
DA:480,0
DA:483,0
DA:484,0
DA:488,0
DA:489,0
DA:490,0
DA:492,0
DA:493,0
DA:495,0
DA:498,0
DA:509,0
DA:522,0
DA:533,0
DA:544,0
DA:573,0
DA:577,0
LF:142
LH:11
BRDA:58,0,0,0
BRDA:64,1,0,0
BRDA:69,2,0,0
BRDA:77,3,0,0
BRDA:77,3,1,0
BRDA:96,4,0,0
BRDA:96,4,1,0
BRDA:110,5,0,0
BRDA:112,6,0,0
BRDA:112,7,0,0
BRDA:112,8,0,0
BRDA:125,9,0,0
BRDA:129,10,0,0
BRDA:133,11,0,0
BRDA:137,12,0,0
BRDA:144,13,0,0
BRDA:176,14,0,0
BRDA:184,15,0,0
BRDA:189,16,0,0
BRDA:195,17,0,0
BRDA:199,18,0,0
BRDA:206,19,0,0
BRDA:211,20,0,0
BRDA:267,21,0,0
BRDA:268,22,0,0
BRDA:272,23,0,0
BRDA:310,24,0,0
BRDA:352,25,0,0
BRDA:358,26,0,0
BRDA:364,27,0,0
BRDA:391,28,0,0
BRDA:397,29,0,0
BRDA:397,30,0,0
BRDA:397,30,1,0
BRDA:402,31,0,0
BRDA:402,32,0,0
BRDA:402,32,1,0
BRDA:418,33,0,0
BRDA:433,34,0,0
BRDA:450,35,0,0
BRDA:475,36,0,0
BRDA:475,37,0,0
BRDA:475,37,1,0
BRDA:479,38,0,0
BRDA:483,39,0,0
BRDA:489,40,0,0
BRDA:492,41,0,0
BRDA:539,42,0,0
BRDA:539,42,1,0
BRDA:542,43,0,0
BRDA:542,43,1,0
BRDA:554,44,0,0
BRDA:554,44,1,0
BRDA:557,45,0,0
BRDA:557,45,1,0
BRDA:593,46,0,0
BRDA:593,46,1,0
BRDA:600,47,0,0
BRDA:600,47,1,0
BRDA:609,48,0,0
BRDA:609,48,1,0
BRF:61
BRH:0
end_of_record
TN:
SF:src\notifications\email.service.ts
FN:22,(anonymous_11)
FN:51,(anonymous_12)
FN:78,(anonymous_13)
FNF:3
FNH:0
FNDA:0,(anonymous_11)
FNDA:0,(anonymous_12)
FNDA:0,(anonymous_13)
DA:2,9
DA:3,9
DA:4,9
DA:6,9
DA:7,9
DA:8,9
DA:17,9
DA:18,0
DA:22,0
DA:23,0
DA:24,0
DA:25,0
DA:26,0
DA:27,0
DA:29,0
DA:30,0
DA:31,0
DA:37,0
DA:39,0
DA:40,0
DA:52,0
DA:53,0
DA:54,0
DA:57,0
DA:59,0
DA:60,0
DA:61,0
DA:62,0
DA:64,0
DA:65,0
DA:84,0
DA:85,0
DA:86,0
DA:87,0
DA:88,0
DA:89,0
DA:91,0
DA:92,0
LF:38
LH:7
BRDA:29,0,0,0
BRDA:29,0,1,0
BRDA:29,1,0,0
BRDA:29,1,1,0
BRDA:29,1,2,0
BRDA:52,2,0,0
BRF:6
BRH:0
end_of_record
TN:
SF:src\notifications\notification-preferences.service.ts
FN:9,(anonymous_4)
FN:17,(anonymous_5)
FN:35,(anonymous_6)
FN:49,(anonymous_7)
FNF:4
FNH:0
FNDA:0,(anonymous_4)
FNDA:0,(anonymous_5)
FNDA:0,(anonymous_6)
FNDA:0,(anonymous_7)
DA:1,9
DA:2,9
DA:3,9
DA:4,9
DA:8,9
DA:11,0
DA:18,0
DA:22,0
DA:23,0
DA:26,0
DA:29,0
DA:39,0
DA:41,0
DA:43,0
DA:70,0
DA:72,0
LF:16
LH:5
BRDA:22,0,0,0
BRF:1
BRH:0
end_of_record
TN:
SF:src\notifications\notification.gateway.ts
FN:35,(anonymous_2)
FN:45,(anonymous_3)
FN:74,(anonymous_4)
FN:92,(anonymous_5)
FNF:4
FNH:0
FNDA:0,(anonymous_2)
FNDA:0,(anonymous_3)
FNDA:0,(anonymous_4)
FNDA:0,(anonymous_5)
DA:2,0
DA:8,0
DA:9,0
DA:10,0
DA:26,0
DA:30,0
DA:32,0
DA:33,0
DA:35,0
DA:46,0
DA:47,0
DA:48,0
DA:49,0
DA:50,0
DA:53,0
DA:54,0
DA:55,0
DA:56,0
DA:57,0
DA:60,0
DA:61,0
DA:63,0
DA:64,0
DA:76,0
DA:77,0
DA:78,0
DA:79,0
DA:80,0
DA:93,0
DA:94,0
DA:95,0
DA:96,0
DA:98,0
LF:33
LH:0
BRDA:47,0,0,0
BRDA:47,1,0,0
BRDA:47,1,1,0
BRDA:56,2,0,0
BRDA:77,3,0,0
BRDA:94,4,0,0
BRDA:94,4,1,0
BRF:7
BRH:0
end_of_record
TN:
SF:src\notifications\notification.service.ts
FN:10,(anonymous_4)
FN:18,(anonymous_5)
FN:39,(anonymous_6)
FN:80,(anonymous_7)
FN:100,(anonymous_8)
FN:115,(anonymous_9)
FN:129,(anonymous_10)
FN:147,(anonymous_11)
FN:152,(anonymous_12)
FN:166,(anonymous_13)
FN:180,(anonymous_14)
FN:195,(anonymous_15)
FNF:12
FNH:12
FNDA:15,(anonymous_4)
FNDA:5,(anonymous_5)
FNDA:3,(anonymous_6)
FNDA:2,(anonymous_7)
FNDA:1,(anonymous_8)
FNDA:2,(anonymous_9)
FNDA:1,(anonymous_10)
FNDA:5,(anonymous_11)
FNDA:3,(anonymous_12)
FNDA:1,(anonymous_13)
FNDA:1,(anonymous_14)
FNDA:1,(anonymous_15)
DA:1,9
DA:2,9
DA:3,9
DA:4,9
DA:6,9
DA:9,9
DA:12,15
DA:25,5
DA:33,5
DA:51,3
DA:58,3
DA:59,1
DA:62,3
DA:64,3
DA:68,3
DA:81,2
DA:85,2
DA:86,1
DA:89,1
DA:90,1
DA:91,1
DA:94,0
DA:101,1
DA:106,1
DA:116,2
DA:121,2
DA:122,1
DA:134,1
DA:135,1
DA:139,1
DA:147,1
DA:148,5
DA:149,5
DA:152,1
DA:153,3
DA:156,1
DA:171,1
DA:186,1
DA:201,1
LF:39
LH:38
BRDA:41,0,0,1
BRDA:42,1,0,1
BRDA:43,2,0,1
BRDA:58,3,0,1
BRDA:85,4,0,1
BRDA:89,5,0,1
BRDA:108,6,0,1
BRDA:108,6,1,0
BRDA:121,7,0,1
BRF:9
BRH:8
end_of_record
TN:
SF:src\notifications\notifications.controller.ts
FN:34,(anonymous_4)
FN:52,(anonymous_5)
FN:99,(anonymous_6)
FN:123,(anonymous_7)
FN:160,(anonymous_8)
FN:185,(anonymous_9)
FN:204,(anonymous_10)
FN:225,(anonymous_11)
FN:255,(anonymous_12)
FN:272,(anonymous_13)
FN:286,(anonymous_14)
FN:303,(anonymous_15)
FN:320,(anonymous_16)
FN:333,(anonymous_17)
FN:371,(anonymous_18)
FNF:15
FNH:0
FNDA:0,(anonymous_4)
FNDA:0,(anonymous_5)
FNDA:0,(anonymous_6)
FNDA:0,(anonymous_7)
FNDA:0,(anonymous_8)
FNDA:0,(anonymous_9)
FNDA:0,(anonymous_10)
FNDA:0,(anonymous_11)
FNDA:0,(anonymous_12)
FNDA:0,(anonymous_13)
FNDA:0,(anonymous_14)
FNDA:0,(anonymous_15)
FNDA:0,(anonymous_16)
FNDA:0,(anonymous_17)
FNDA:0,(anonymous_18)
DA:1,9
DA:15,9
DA:16,9
DA:17,9
DA:18,9
DA:19,9
DA:20,9
DA:21,9
DA:22,9
DA:23,9
DA:33,9
DA:35,0
DA:36,0
DA:37,0
DA:38,0
DA:52,9
DA:63,0
DA:64,0
DA:71,0
DA:78,0
DA:79,0
DA:82,0
DA:99,9
DA:105,0
DA:123,9
DA:132,0
DA:142,0
DA:160,9
DA:167,0
DA:185,9
DA:191,0
DA:204,9
DA:209,0
DA:225,9
DA:237,0
DA:255,9
DA:259,0
DA:260,0
DA:272,9
DA:273,0
DA:286,9
DA:290,0
DA:291,0
DA:303,9
DA:308,0
DA:320,9
DA:321,0
DA:333,9
DA:357,0
DA:358,0
DA:371,9
DA:379,0
LF:52
LH:25
BRDA:63,0,0,0
BRDA:63,0,1,0
BRDA:68,1,0,0
BRDA:68,1,1,0
BRDA:74,2,0,0
BRDA:74,2,1,0
BRDA:78,3,0,0
BRDA:101,4,0,0
BRDA:102,5,0,0
BRDA:163,6,0,0
BRDA:164,7,0,0
BRDA:227,8,0,0
BRDA:228,9,0,0
BRDA:229,10,0,0
BRF:14
BRH:0
end_of_record
TN:
SF:src\notifications\notifications.module.ts
FNF:0
FNH:0
DA:2,9
DA:3,9
DA:5,9
DA:6,9
DA:7,9
DA:8,9
DA:9,9
DA:10,9
DA:11,9
DA:12,9
DA:20,9
LF:11
LH:11
BRF:0
BRH:0
end_of_record
TN:
SF:src\notifications\reminder.service.ts
FN:18,(anonymous_4)
FN:26,(anonymous_5)
FNF:2
FNH:0
FNDA:0,(anonymous_4)
FNDA:0,(anonymous_5)
DA:2,9
DA:3,9
DA:4,9
DA:6,9
DA:15,9
DA:16,0
DA:20,0
DA:33,0
DA:41,0
DA:43,0
DA:47,0
LF:11
LH:5
BRF:0
BRH:0
end_of_record
TN:
SF:src\profiles\certifications\certification.controller.ts
FN:21,(anonymous_4)
FN:35,(anonymous_5)
FN:52,(anonymous_6)
FN:71,(anonymous_7)
FNF:4
FNH:0
FNDA:0,(anonymous_4)
FNDA:0,(anonymous_5)
FNDA:0,(anonymous_6)
FNDA:0,(anonymous_7)
DA:2,9
DA:3,9
DA:4,9
DA:5,9
DA:6,9
DA:7,9
DA:8,9
DA:9,9
DA:20,9
DA:21,0
DA:35,9
DA:39,0
DA:52,9
DA:53,0
DA:71,9
DA:72,0
DA:73,0
DA:74,0
DA:76,0
LF:19
LH:12
BRDA:73,0,0,0
BRF:1
BRH:0
end_of_record
TN:
SF:src\profiles\certifications\certification.module.ts
FNF:0
FNH:0
DA:2,9
DA:3,9
DA:4,9
DA:5,9
DA:6,9
DA:20,9
LF:6
LH:6
BRF:0
BRH:0
end_of_record
TN:
SF:src\profiles\certifications\certification.service.ts
FN:15,(anonymous_4)
FN:26,(anonymous_5)
FN:39,(anonymous_6)
FN:50,(anonymous_7)
FN:64,(anonymous_8)
FNF:5
FNH:0
FNDA:0,(anonymous_4)
FNDA:0,(anonymous_5)
FNDA:0,(anonymous_6)
FNDA:0,(anonymous_7)
FNDA:0,(anonymous_8)
DA:2,9
DA:3,9
DA:4,9
DA:5,9
DA:14,9
DA:17,0
DA:27,0
DA:31,0
DA:40,0
DA:51,0
DA:52,0
DA:53,0
DA:55,0
DA:65,0
DA:66,0
DA:67,0
LF:16
LH:5
BRDA:52,0,0,0
BRDA:66,1,0,0
BRF:2
BRH:0
end_of_record
TN:
SF:src\profiles\education\education.controller.ts
FN:16,(anonymous_4)
FN:21,(anonymous_5)
FN:28,(anonymous_6)
FNF:3
FNH:0
FNDA:0,(anonymous_4)
FNDA:0,(anonymous_5)
FNDA:0,(anonymous_6)
DA:2,9
DA:3,9
DA:4,9
DA:5,9
DA:6,9
DA:7,9
DA:8,9
DA:9,9
DA:15,9
DA:16,0
DA:21,9
DA:22,0
DA:28,9
DA:29,0
LF:14
LH:11
BRF:0
BRH:0
end_of_record
TN:
SF:src\profiles\education\education.module.ts
FNF:0
FNH:0
DA:2,9
DA:3,9
DA:4,9
DA:5,9
DA:6,9
DA:14,9
LF:6
LH:6
BRF:0
BRH:0
end_of_record
TN:
SF:src\profiles\education\education.service.ts
FN:15,(anonymous_4)
FN:26,(anonymous_5)
FN:39,(anonymous_6)
FNF:3
FNH:0
FNDA:0,(anonymous_4)
FNDA:0,(anonymous_5)
FNDA:0,(anonymous_6)
DA:2,9
DA:3,9
DA:4,9
DA:5,9
DA:14,9
DA:17,0
DA:27,0
DA:31,0
DA:40,0
LF:9
LH:5
BRF:0
BRH:0
end_of_record
TN:
SF:src\profiles\experience\experience.controller.ts
FN:16,(anonymous_4)
FN:21,(anonymous_5)
FN:28,(anonymous_6)
FNF:3
FNH:0
FNDA:0,(anonymous_4)
FNDA:0,(anonymous_5)
FNDA:0,(anonymous_6)
DA:2,9
DA:3,9
DA:4,9
DA:5,9
DA:6,9
DA:7,9
DA:8,9
DA:9,9
DA:15,9
DA:16,0
DA:21,9
DA:22,0
DA:28,9
DA:29,0
LF:14
LH:11
BRF:0
BRH:0
end_of_record
TN:
SF:src\profiles\experience\experience.module.ts
FNF:0
FNH:0
DA:2,9
DA:3,9
DA:4,9
DA:5,9
DA:6,9
DA:14,9
LF:6
LH:6
BRF:0
BRH:0
end_of_record
TN:
SF:src\profiles\experience\experience.service.ts
FN:15,(anonymous_4)
FN:26,(anonymous_5)
FN:39,(anonymous_6)
FNF:3
FNH:0
FNDA:0,(anonymous_4)
FNDA:0,(anonymous_5)
FNDA:0,(anonymous_6)
DA:2,9
DA:3,9
DA:4,9
DA:5,9
DA:14,9
DA:17,0
DA:27,0
DA:31,0
DA:40,0
LF:9
LH:5
BRF:0
BRH:0
end_of_record
TN:
SF:src\profiles\uploads\cloudinary.config.ts
FN:15,(anonymous_0)
FNF:1
FNH:0
FNDA:0,(anonymous_0)
DA:3,0
DA:4,0
DA:6,0
DA:13,0
DA:16,0
LF:5
LH:0
BRF:0
BRH:0
end_of_record
TN:
SF:src\profiles\uploads\cloudinary.storage.ts
FN:10,(anonymous_0)
FN:25,(anonymous_1)
FN:41,(anonymous_2)
FN:61,(anonymous_3)
FN:62,(anonymous_4)
FNF:5
FNH:1
FNDA:0,(anonymous_0)
FNDA:9,(anonymous_1)
FNDA:0,(anonymous_2)
FNDA:0,(anonymous_3)
FNDA:0,(anonymous_4)
DA:3,9
DA:4,9
DA:10,9
DA:11,0
DA:25,9
DA:41,9
DA:45,0
DA:46,0
DA:49,0
DA:57,0
DA:60,0
DA:61,0
DA:62,0
DA:63,0
DA:64,0
DA:65,0
DA:67,0
DA:70,0
DA:78,0
DA:79,0
DA:80,0
DA:87,0
LF:22
LH:5
BRDA:43,0,0,0
BRDA:45,1,0,0
BRDA:57,2,0,0
BRDA:57,2,1,0
BRDA:60,3,0,0
BRDA:63,4,0,0
BRDA:64,5,0,0
BRDA:78,6,0,0
BRF:8
BRH:0
end_of_record
TN:
SF:src\profiles\uploads\upload.controller.ts
FN:41,(anonymous_4)
FN:73,(anonymous_5)
FNF:2
FNH:0
FNDA:0,(anonymous_4)
FNDA:0,(anonymous_5)
DA:2,9
DA:13,9
DA:14,9
DA:23,9
DA:25,9
DA:26,9
DA:27,9
DA:28,9
DA:29,9
DA:31,9
DA:40,9
DA:42,0
DA:43,0
DA:46,0
DA:73,9
DA:91,0
LF:16
LH:12
BRDA:88,0,0,0
BRF:1
BRH:0
end_of_record
TN:
SF:src\profiles\uploads\upload.module.ts
FNF:0
FNH:0
DA:2,9
DA:3,9
DA:5,9
DA:6,9
DA:7,9
DA:8,9
DA:19,9
LF:7
LH:7
BRF:0
BRH:0
end_of_record
TN:
SF:src\profiles\uploads\upload.service.ts
FN:13,(anonymous_4)
FN:25,(anonymous_5)
FN:79,(anonymous_6)
FN:82,(anonymous_7)
FN:94,(anonymous_8)
FN:124,(anonymous_9)
FN:146,(anonymous_10)
FN:155,(anonymous_11)
FN:159,(anonymous_12)
FNF:9
FNH:0
FNDA:0,(anonymous_4)
FNDA:0,(anonymous_5)
FNDA:0,(anonymous_6)
FNDA:0,(anonymous_7)
FNDA:0,(anonymous_8)
FNDA:0,(anonymous_9)
FNDA:0,(anonymous_10)
FNDA:0,(anonymous_11)
FNDA:0,(anonymous_12)
DA:1,9
DA:2,9
DA:3,9
DA:5,9
DA:6,9
DA:7,9
DA:12,9
DA:15,0
DA:16,0
DA:31,0
DA:32,0
DA:34,0
DA:35,0
DA:39,0
DA:42,0
DA:54,0
DA:62,0
DA:65,0
DA:73,0
DA:80,0
DA:81,0
DA:82,0
DA:95,0
DA:98,0
DA:101,0
DA:103,0
DA:105,0
DA:107,0
DA:109,0
DA:112,0
DA:115,0
DA:117,0
DA:126,0
DA:130,0
DA:131,0
DA:135,0
DA:138,0
DA:140,0
DA:151,0
DA:153,0
DA:155,0
DA:159,0
DA:160,0
DA:163,0
LF:44
LH:7
BRDA:28,0,0,0
BRDA:31,1,0,0
BRDA:34,2,0,0
BRDA:39,3,0,0
BRDA:39,3,1,0
BRDA:58,4,0,0
BRDA:58,4,1,0
BRDA:60,5,0,0
BRDA:60,5,1,0
BRDA:80,6,0,0
BRDA:80,6,1,0
BRDA:95,7,0,0
BRDA:95,7,1,0
BRDA:95,7,2,0
BRDA:95,7,3,0
BRDA:95,7,4,0
BRDA:95,7,5,0
BRDA:95,7,6,0
BRDA:95,7,7,0
BRDA:95,7,8,0
BRDA:95,7,9,0
BRDA:95,7,10,0
BRDA:95,7,11,0
BRDA:95,7,12,0
BRDA:130,8,0,0
BRDA:160,9,0,0
BRDA:160,9,1,0
BRF:27
BRH:0
end_of_record
TN:
SF:src\sms\sms.module.ts
FNF:0
FNH:0
DA:1,9
DA:2,9
DA:3,9
DA:4,9
DA:5,9
DA:6,9
DA:7,9
DA:20,9
LF:8
LH:8
BRF:0
BRH:0
end_of_record
TN:
SF:src\sms\controllers\admin-sms.controller.ts
FN:33,(anonymous_4)
FN:47,(anonymous_5)
FN:64,(anonymous_6)
FN:80,(anonymous_7)
FN:99,(anonymous_8)
FN:117,(anonymous_9)
FN:134,(anonymous_10)
FN:153,(anonymous_11)
FN:171,(anonymous_12)
FN:186,(anonymous_13)
FN:209,(anonymous_14)
FN:252,(anonymous_15)
FN:281,(anonymous_16)
FN:313,(anonymous_17)
FNF:14
FNH:0
FNDA:0,(anonymous_4)
FNDA:0,(anonymous_5)
FNDA:0,(anonymous_6)
FNDA:0,(anonymous_7)
FNDA:0,(anonymous_8)
FNDA:0,(anonymous_9)
FNDA:0,(anonymous_10)
FNDA:0,(anonymous_11)
FNDA:0,(anonymous_12)
FNDA:0,(anonymous_13)
FNDA:0,(anonymous_14)
FNDA:0,(anonymous_15)
FNDA:0,(anonymous_16)
FNDA:0,(anonymous_17)
DA:1,9
DA:15,9
DA:16,9
DA:17,9
DA:18,9
DA:19,9
DA:20,9
DA:21,9
DA:22,9
DA:32,9
DA:33,0
DA:47,9
DA:50,0
DA:64,9
DA:65,0
DA:80,9
DA:83,0
DA:99,9
DA:103,0
DA:117,9
DA:118,0
DA:119,0
DA:134,9
DA:138,0
DA:153,9
DA:157,0
DA:171,9
DA:172,0
DA:173,0
DA:186,9
DA:187,0
DA:188,0
DA:209,9
DA:225,0
DA:227,0
DA:228,0
DA:229,0
DA:230,0
DA:231,0
DA:232,0
DA:234,0
DA:236,0
DA:252,9
DA:267,0
DA:281,9
DA:284,0
DA:286,0
DA:297,0
DA:313,9
DA:322,0
LF:50
LH:23
BRDA:210,0,0,0
BRDA:211,1,0,0
BRDA:227,2,0,0
BRDA:228,3,0,0
BRDA:229,4,0,0
BRDA:230,5,0,0
BRDA:231,6,0,0
BRDA:232,7,0,0
BRDA:284,8,0,0
BRDA:284,8,1,0
BRF:10
BRH:0
end_of_record
TN:
SF:src\sms\services\sms-provider-factory.service.ts
FN:61,(anonymous_1)
FN:71,(anonymous_2)
FN:97,(anonymous_3)
FN:109,(anonymous_4)
FN:129,(anonymous_5)
FN:155,(anonymous_6)
FN:157,(anonymous_7)
FN:193,(anonymous_8)
FN:207,(anonymous_9)
FN:245,(anonymous_10)
FN:247,(anonymous_11)
FN:280,(anonymous_12)
FN:290,(anonymous_13)
FN:324,(anonymous_14)
FN:326,(anonymous_15)
FN:364,(anonymous_16)
FN:378,(anonymous_17)
FN:420,(anonymous_18)
FN:454,(anonymous_19)
FN:469,(anonymous_20)
FNF:20
FNH:0
FNDA:0,(anonymous_1)
FNDA:0,(anonymous_2)
FNDA:0,(anonymous_3)
FNDA:0,(anonymous_4)
FNDA:0,(anonymous_5)
FNDA:0,(anonymous_6)
FNDA:0,(anonymous_7)
FNDA:0,(anonymous_8)
FNDA:0,(anonymous_9)
FNDA:0,(anonymous_10)
FNDA:0,(anonymous_11)
FNDA:0,(anonymous_12)
FNDA:0,(anonymous_13)
FNDA:0,(anonymous_14)
FNDA:0,(anonymous_15)
FNDA:0,(anonymous_16)
FNDA:0,(anonymous_17)
FNDA:0,(anonymous_18)
FNDA:0,(anonymous_19)
FNDA:0,(anonymous_20)
DA:1,0
DA:2,0
DA:57,0
DA:58,0
DA:61,0
DA:63,0
DA:64,0
DA:65,0
DA:67,0
DA:72,0
DA:73,0
DA:80,0
DA:88,0
DA:89,0
DA:98,0
DA:99,0
DA:100,0
DA:101,0
DA:102,0
DA:104,0
DA:105,0
DA:110,0
DA:111,0
DA:112,0
DA:113,0
DA:120,0
DA:130,0
DA:131,0
DA:132,0
DA:139,0
DA:152,0
DA:153,0
DA:155,0
DA:158,0
DA:159,0
DA:173,0
DA:175,0
DA:176,0
DA:182,0
DA:185,0
DA:186,0
DA:194,0
DA:195,0
DA:200,0
DA:202,0
DA:203,0
DA:208,0
DA:209,0
DA:210,0
DA:216,0
DA:217,0
DA:218,0
DA:225,0
DA:228,0
DA:242,0
DA:243,0
DA:245,0
DA:248,0
DA:249,0
DA:250,0
DA:251,0
DA:252,0
DA:253,0
DA:254,0
DA:256,0
DA:260,0
DA:262,0
DA:263,0
DA:269,0
DA:272,0
DA:273,0
DA:281,0
DA:282,0
DA:283,0
DA:285,0
DA:286,0
DA:291,0
DA:292,0
DA:293,0
DA:295,0
DA:296,0
DA:297,0
DA:304,0
DA:307,0
DA:321,0
DA:322,0
DA:324,0
DA:327,0
DA:328,0
DA:342,0
DA:344,0
DA:345,0
DA:346,0
DA:353,0
DA:356,0
DA:357,0
DA:365,0
DA:366,0
DA:371,0
DA:373,0
DA:374,0
DA:379,0
DA:380,0
DA:381,0
DA:387,0
DA:388,0
DA:389,0
DA:396,0
DA:399,0
DA:414,0
DA:415,0
DA:421,0
DA:423,0
DA:426,0
DA:429,0
DA:432,0
DA:436,0
DA:440,0
DA:444,0
DA:447,0
DA:455,0
DA:470,0
DA:471,0
DA:472,0
DA:474,0
DA:475,0
LF:126
LH:0
BRDA:84,0,0,0
BRDA:84,0,1,0
BRDA:85,1,0,0
BRDA:85,1,1,0
BRDA:134,2,0,0
BRDA:134,2,1,0
BRDA:135,3,0,0
BRDA:135,3,1,0
BRDA:175,4,0,0
BRDA:175,4,1,0
BRDA:175,5,0,0
BRDA:175,5,1,0
BRDA:182,6,0,0
BRDA:182,6,1,0
BRDA:216,7,0,0
BRDA:216,7,1,0
BRDA:262,8,0,0
BRDA:262,8,1,0
BRDA:262,9,0,0
BRDA:262,9,1,0
BRDA:269,10,0,0
BRDA:269,10,1,0
BRDA:295,11,0,0
BRDA:295,11,1,0
BRDA:338,12,0,0
BRDA:338,12,1,0
BRDA:344,13,0,0
BRDA:344,13,1,0
BRDA:344,14,0,0
BRDA:344,14,1,0
BRDA:350,15,0,0
BRDA:350,15,1,0
BRDA:353,16,0,0
BRDA:353,16,1,0
BRDA:387,17,0,0
BRDA:387,17,1,0
BRDA:421,18,0,0
BRDA:421,18,1,0
BRDA:421,18,2,0
BRDA:421,18,3,0
BRDA:421,18,4,0
BRDA:421,18,5,0
BRDA:421,18,6,0
BRDA:421,18,7,0
BRDA:423,19,0,0
BRDA:423,19,1,0
BRDA:426,20,0,0
BRDA:426,20,1,0
BRDA:429,21,0,0
BRDA:429,21,1,0
BRDA:432,22,0,0
BRDA:432,22,1,0
BRF:52
BRH:0
end_of_record
TN:
SF:src\sms\services\sms.service.ts
FN:17,(anonymous_4)
FN:28,(anonymous_5)
FN:62,(anonymous_6)
FN:94,(anonymous_7)
FN:103,(anonymous_8)
FN:116,(anonymous_9)
FN:130,(anonymous_10)
FN:146,(anonymous_11)
FN:148,(anonymous_12)
FN:207,(anonymous_13)
FN:268,(anonymous_14)
FN:273,(anonymous_15)
FN:274,(anonymous_16)
FN:275,(anonymous_17)
FN:278,(anonymous_18)
FN:293,(anonymous_19)
FN:331,(anonymous_20)
FN:338,(anonymous_21)
FN:339,(anonymous_22)
FN:350,(anonymous_23)
FN:406,(anonymous_24)
FN:461,(anonymous_25)
FN:477,(anonymous_26)
FN:496,(anonymous_27)
FNF:24
FNH:0
FNDA:0,(anonymous_4)
FNDA:0,(anonymous_5)
FNDA:0,(anonymous_6)
FNDA:0,(anonymous_7)
FNDA:0,(anonymous_8)
FNDA:0,(anonymous_9)
FNDA:0,(anonymous_10)
FNDA:0,(anonymous_11)
FNDA:0,(anonymous_12)
FNDA:0,(anonymous_13)
FNDA:0,(anonymous_14)
FNDA:0,(anonymous_15)
FNDA:0,(anonymous_16)
FNDA:0,(anonymous_17)
FNDA:0,(anonymous_18)
FNDA:0,(anonymous_19)
FNDA:0,(anonymous_20)
FNDA:0,(anonymous_21)
FNDA:0,(anonymous_22)
FNDA:0,(anonymous_23)
FNDA:0,(anonymous_24)
FNDA:0,(anonymous_25)
FNDA:0,(anonymous_26)
FNDA:0,(anonymous_27)
DA:1,9
DA:2,9
DA:3,9
DA:4,9
DA:5,9
DA:6,9
DA:14,9
DA:15,0
DA:19,0
DA:21,0
DA:22,0
DA:29,0
DA:31,0
DA:36,0
DA:37,0
DA:40,0
DA:46,0
DA:49,0
DA:51,0
DA:52,0
DA:54,0
DA:55,0
DA:63,0
DA:65,0
DA:66,0
DA:70,0
DA:71,0
DA:76,0
DA:77,0
DA:81,0
DA:82,0
DA:85,0
DA:87,0
DA:88,0
DA:95,0
DA:104,0
DA:106,0
DA:107,0
DA:110,0
DA:117,0
DA:119,0
DA:120,0
DA:123,0
DA:124,0
DA:131,0
DA:134,0
DA:145,0
DA:146,0
DA:147,0
DA:148,0
DA:152,0
DA:153,0
DA:156,0
DA:159,0
DA:160,0
DA:161,0
DA:163,0
DA:164,0
DA:167,0
DA:169,0
DA:171,0
DA:172,0
DA:175,0
DA:178,0
DA:179,0
DA:182,0
DA:187,0
DA:201,0
DA:215,0
DA:217,0
DA:223,0
DA:233,0
DA:236,0
DA:239,0
DA:240,0
DA:241,0
DA:242,0
DA:243,0
DA:244,0
DA:245,0
DA:246,0
DA:247,0
DA:249,0
DA:251,0
DA:257,0
DA:258,0
DA:269,0
DA:273,0
DA:274,0
DA:275,0
DA:278,0
DA:294,0
DA:296,0
DA:297,0
DA:300,0
DA:301,0
DA:306,0
DA:308,0
DA:315,0
DA:317,0
DA:324,0
DA:332,0
DA:336,0
DA:338,0
DA:339,0
DA:340,0
DA:344,0
DA:362,0
DA:369,0
DA:370,0
DA:373,0
DA:374,0
DA:377,0
DA:378,0
DA:381,0
DA:382,0
DA:385,0
DA:386,0
DA:389,0
DA:390,0
DA:393,0
DA:395,0
DA:421,0
DA:435,0
DA:451,0
DA:455,0
DA:461,0
DA:478,0
DA:480,0
DA:481,0
DA:484,0
DA:485,0
DA:487,0
DA:489,0
DA:490,0
DA:497,0
DA:499,0
DA:500,0
DA:503,0
DA:504,0
DA:506,0
DA:507,0
LF:142
LH:7
BRDA:36,0,0,0
BRDA:65,1,0,0
BRDA:70,2,0,0
BRDA:76,3,0,0
BRDA:106,4,0,0
BRDA:119,5,0,0
BRDA:131,6,0,0
BRDA:145,7,0,0
BRDA:147,8,0,0
BRDA:152,9,0,0
BRDA:163,10,0,0
BRDA:163,10,1,0
BRDA:171,11,0,0
BRDA:171,11,1,0
BRDA:239,12,0,0
BRDA:239,12,1,0
BRDA:246,13,0,0
BRDA:246,13,1,0
BRDA:247,14,0,0
BRDA:247,14,1,0
BRDA:274,15,0,0
BRDA:274,15,1,0
BRDA:275,16,0,0
BRDA:275,16,1,0
BRDA:276,17,0,0
BRDA:276,17,1,0
BRDA:296,18,0,0
BRDA:311,19,0,0
BRDA:311,19,1,0
BRDA:312,20,0,0
BRDA:312,20,1,0
BRDA:315,21,0,0
BRDA:315,21,1,0
BRDA:351,22,0,0
BRDA:352,23,0,0
BRDA:369,24,0,0
BRDA:373,25,0,0
BRDA:377,26,0,0
BRDA:381,27,0,0
BRDA:385,28,0,0
BRDA:389,29,0,0
BRDA:451,30,0,0
BRDA:451,30,1,0
BRDA:456,31,0,0
BRDA:456,31,1,0
BRDA:457,32,0,0
BRDA:457,32,1,0
BRDA:458,33,0,0
BRDA:458,33,1,0
BRDA:460,34,0,0
BRDA:460,34,1,0
BRDA:464,35,0,0
BRDA:464,35,1,0
BRDA:465,36,0,0
BRDA:465,36,1,0
BRDA:466,37,0,0
BRDA:466,37,1,0
BRDA:469,38,0,0
BRDA:469,38,1,0
BRDA:480,39,0,0
BRDA:485,40,0,0
BRDA:485,40,1,0
BRDA:489,41,0,0
BRDA:489,41,1,0
BRDA:499,42,0,0
BRF:65
BRH:0
end_of_record
TN:
SF:src\storage\storage.module.ts
FNF:0
FNH:0
DA:2,9
DA:3,9
DA:4,9
DA:5,9
DA:6,9
DA:7,9
DA:8,9
DA:9,9
DA:10,9
DA:11,9
DA:12,9
DA:33,9
LF:12
LH:12
BRF:0
BRH:0
end_of_record
TN:
SF:src\storage\controllers\admin-storage.controller.ts
FN:45,(anonymous_4)
FN:54,(anonymous_5)
FN:56,(anonymous_6)
FN:63,(anonymous_7)
FN:71,(anonymous_8)
FN:83,(anonymous_9)
FN:97,(anonymous_10)
FN:104,(anonymous_11)
FN:131,(anonymous_12)
FN:139,(anonymous_13)
FN:146,(anonymous_14)
FN:153,(anonymous_15)
FN:155,(anonymous_16)
FN:164,(anonymous_17)
FN:183,(anonymous_18)
FN:216,(anonymous_19)
FN:224,(anonymous_20)
FN:232,(anonymous_21)
FN:240,(anonymous_22)
FNF:19
FNH:0
FNDA:0,(anonymous_4)
FNDA:0,(anonymous_5)
FNDA:0,(anonymous_6)
FNDA:0,(anonymous_7)
FNDA:0,(anonymous_8)
FNDA:0,(anonymous_9)
FNDA:0,(anonymous_10)
FNDA:0,(anonymous_11)
FNDA:0,(anonymous_12)
FNDA:0,(anonymous_13)
FNDA:0,(anonymous_14)
FNDA:0,(anonymous_15)
FNDA:0,(anonymous_16)
FNDA:0,(anonymous_17)
FNDA:0,(anonymous_18)
FNDA:0,(anonymous_19)
FNDA:0,(anonymous_20)
FNDA:0,(anonymous_21)
FNDA:0,(anonymous_22)
DA:2,9
DA:17,9
DA:18,9
DA:19,9
DA:20,9
DA:21,9
DA:22,9
DA:23,9
DA:24,9
DA:25,9
DA:26,9
DA:27,9
DA:28,9
DA:36,9
DA:37,9
DA:44,9
DA:46,0
DA:47,0
DA:48,0
DA:54,9
DA:55,0
DA:56,0
DA:63,9
DA:64,0
DA:65,0
DA:71,9
DA:75,0
DA:76,0
DA:83,9
DA:88,0
DA:89,0
DA:97,9
DA:98,0
DA:104,9
DA:105,0
DA:106,0
DA:108,0
DA:109,0
DA:110,0
DA:113,0
DA:115,0
DA:131,9
DA:132,0
DA:139,9
DA:140,0
DA:146,9
DA:147,0
DA:153,9
DA:154,0
DA:155,0
DA:164,9
DA:171,0
DA:183,9
DA:188,0
DA:190,0
DA:201,0
DA:216,9
DA:217,0
DA:218,0
DA:224,9
DA:225,0
DA:226,0
DA:232,9
DA:236,0
DA:237,0
DA:241,0
LF:66
LH:31
BRDA:188,0,0,0
BRDA:188,0,1,0
BRF:2
BRH:0
end_of_record
TN:
SF:src\storage\services\aws-s3-storage.service.ts
FN:13,(anonymous_2)
FN:15,(anonymous_3)
FN:27,(anonymous_4)
FN:63,(anonymous_5)
FN:77,(anonymous_6)
FN:87,(anonymous_7)
FN:133,(anonymous_8)
FNF:7
FNH:0
FNDA:0,(anonymous_2)
FNDA:0,(anonymous_3)
FNDA:0,(anonymous_4)
FNDA:0,(anonymous_5)
FNDA:0,(anonymous_6)
FNDA:0,(anonymous_7)
FNDA:0,(anonymous_8)
DA:2,9
DA:3,9
DA:9,9
DA:16,0
DA:17,0
DA:28,0
DA:29,0
DA:30,0
DA:32,0
DA:44,0
DA:46,0
DA:48,0
DA:59,0
DA:64,0
DA:65,0
DA:70,0
DA:71,0
DA:73,0
DA:78,0
DA:80,0
DA:84,0
DA:88,0
DA:90,0
DA:92,0
DA:97,0
DA:98,0
DA:101,0
DA:102,0
DA:106,0
DA:108,0
DA:118,0
DA:120,0
DA:136,0
LF:33
LH:3
BRDA:18,0,0,0
BRDA:18,0,1,0
BRDA:27,1,0,0
BRDA:29,2,0,0
BRDA:29,2,1,0
BRDA:29,2,2,0
BRDA:37,3,0,0
BRDA:37,3,1,0
BRDA:77,4,0,0
BRDA:78,5,0,0
BRDA:84,6,0,0
BRDA:84,6,1,0
BRDA:101,7,0,0
BRF:13
BRH:0
end_of_record
TN:
SF:src\storage\services\cloudinary-storage.service.ts
FN:11,(anonymous_2)
FN:13,(anonymous_3)
FN:22,(anonymous_4)
FN:27,(anonymous_5)
FN:37,(anonymous_6)
FN:63,(anonymous_7)
FN:72,(anonymous_8)
FN:83,(anonymous_9)
FN:93,(anonymous_10)
FN:124,(anonymous_11)
FNF:10
FNH:0
FNDA:0,(anonymous_2)
FNDA:0,(anonymous_3)
FNDA:0,(anonymous_4)
FNDA:0,(anonymous_5)
FNDA:0,(anonymous_6)
FNDA:0,(anonymous_7)
FNDA:0,(anonymous_8)
FNDA:0,(anonymous_9)
FNDA:0,(anonymous_10)
FNDA:0,(anonymous_11)
DA:2,9
DA:3,9
DA:8,9
DA:14,0
DA:15,0
DA:23,0
DA:24,0
DA:25,0
DA:27,0
DA:28,0
DA:38,0
DA:39,0
DA:44,0
DA:46,0
DA:59,0
DA:64,0
DA:65,0
DA:66,0
DA:68,0
DA:73,0
DA:80,0
DA:84,0
DA:94,0
DA:96,0
DA:98,0
DA:99,0
DA:101,0
DA:110,0
DA:112,0
DA:125,0
DA:126,0
DA:128,0
DA:136,0
LF:33
LH:3
BRDA:22,0,0,0
BRDA:24,1,0,0
BRDA:24,1,1,0
BRDA:24,1,2,0
BRDA:38,2,0,0
BRDA:38,2,1,0
BRDA:72,3,0,0
BRDA:129,4,0,0
BRDA:129,4,1,0
BRDA:130,5,0,0
BRDA:130,5,1,0
BRDA:131,6,0,0
BRDA:131,6,1,0
BRDA:132,7,0,0
BRDA:132,7,1,0
BRDA:133,8,0,0
BRDA:133,8,1,0
BRDA:133,9,0,0
BRDA:133,9,1,0
BRF:19
BRH:0
end_of_record
TN:
SF:src\storage\services\file-storage.service.ts
FN:17,(anonymous_4)
FN:25,(anonymous_5)
FN:82,(anonymous_6)
FN:116,(anonymous_7)
FN:134,(anonymous_8)
FN:155,(anonymous_9)
FN:169,(anonymous_10)
FN:175,(anonymous_11)
FN:211,(anonymous_12)
FN:236,(anonymous_13)
FN:247,(anonymous_14)
FN:277,(anonymous_15)
FN:282,(anonymous_16)
FN:283,(anonymous_17)
FN:289,(anonymous_18)
FNF:15
FNH:0
FNDA:0,(anonymous_4)
FNDA:0,(anonymous_5)
FNDA:0,(anonymous_6)
FNDA:0,(anonymous_7)
FNDA:0,(anonymous_8)
FNDA:0,(anonymous_9)
FNDA:0,(anonymous_10)
FNDA:0,(anonymous_11)
FNDA:0,(anonymous_12)
FNDA:0,(anonymous_13)
FNDA:0,(anonymous_14)
FNDA:0,(anonymous_15)
FNDA:0,(anonymous_16)
FNDA:0,(anonymous_17)
FNDA:0,(anonymous_18)
DA:2,9
DA:3,9
DA:4,9
DA:5,9
DA:6,9
DA:7,9
DA:9,9
DA:14,9
DA:15,0
DA:19,0
DA:21,0
DA:22,0
DA:31,0
DA:33,0
DA:34,0
DA:35,0
DA:39,0
DA:42,0
DA:47,0
DA:50,0
DA:69,0
DA:72,0
DA:74,0
DA:75,0
DA:77,0
DA:78,0
DA:83,0
DA:84,0
DA:89,0
DA:90,0
DA:94,0
DA:99,0
DA:102,0
DA:103,0
DA:106,0
DA:108,0
DA:109,0
DA:111,0
DA:112,0
DA:117,0
DA:118,0
DA:119,0
DA:122,0
DA:127,0
DA:128,0
DA:131,0
DA:140,0
DA:147,0
DA:148,0
DA:151,0
DA:152,0
DA:156,0
DA:161,0
DA:162,0
DA:166,0
DA:170,0
DA:176,0
DA:177,0
DA:178,0
DA:181,0
DA:183,0
DA:184,0
DA:185,0
DA:190,0
DA:192,0
DA:193,0
DA:194,0
DA:196,0
DA:198,0
DA:200,0
DA:202,0
DA:203,0
DA:204,0
DA:206,0
DA:223,0
DA:224,0
DA:233,0
DA:236,0
DA:248,0
DA:249,0
DA:253,0
DA:254,0
DA:255,0
DA:259,0
DA:272,0
DA:273,0
DA:278,0
DA:282,0
DA:283,0
DA:290,0
DA:292,0
DA:297,0
LF:92
LH:8
BRDA:28,0,0,0
BRDA:29,1,0,0
BRDA:34,2,0,0
BRDA:51,3,0,0
BRDA:51,3,1,0
BRDA:64,4,0,0
BRDA:64,4,1,0
BRDA:89,5,0,0
BRDA:118,6,0,0
BRDA:127,7,0,0
BRDA:137,8,0,0
BRDA:138,9,0,0
BRDA:147,10,0,0
BRDA:161,11,0,0
BRDA:177,12,0,0
BRDA:194,13,0,0
BRDA:194,13,1,0
BRDA:198,14,0,0
BRDA:198,14,1,0
BRDA:234,15,0,0
BRDA:234,15,1,0
BRDA:235,16,0,0
BRDA:235,16,1,0
BRDA:248,17,0,0
BRDA:254,18,0,0
BRDA:272,19,0,0
BRDA:289,20,0,0
BRF:27
BRH:0
end_of_record
TN:
SF:src\storage\services\google-cloud-storage.service.ts
FN:12,(anonymous_2)
FN:14,(anonymous_3)
FN:24,(anonymous_4)
FN:44,(anonymous_5)
FN:45,(anonymous_6)
FN:49,(anonymous_7)
FN:80,(anonymous_8)
FN:90,(anonymous_9)
FN:95,(anonymous_10)
FN:130,(anonymous_11)
FNF:10
FNH:0
FNDA:0,(anonymous_2)
FNDA:0,(anonymous_3)
FNDA:0,(anonymous_4)
FNDA:0,(anonymous_5)
FNDA:0,(anonymous_6)
FNDA:0,(anonymous_7)
FNDA:0,(anonymous_8)
FNDA:0,(anonymous_9)
FNDA:0,(anonymous_10)
FNDA:0,(anonymous_11)
DA:2,9
DA:3,9
DA:8,9
DA:15,0
DA:17,0
DA:18,0
DA:25,0
DA:26,0
DA:27,0
DA:29,0
DA:30,0
DA:32,0
DA:44,0
DA:45,0
DA:46,0
DA:49,0
DA:50,0
DA:51,0
DA:56,0
DA:58,0
DA:69,0
DA:73,0
DA:76,0
DA:81,0
DA:82,0
DA:83,0
DA:84,0
DA:86,0
DA:91,0
DA:92,0
DA:96,0
DA:98,0
DA:100,0
DA:101,0
DA:103,0
DA:105,0
DA:115,0
DA:117,0
DA:131,0
DA:132,0
DA:133,0
DA:135,0
DA:136,0
DA:137,0
DA:138,0
DA:141,0
DA:147,0
LF:47
LH:3
BRDA:24,0,0,0
BRDA:26,1,0,0
BRDA:26,1,1,0
BRDA:26,1,2,0
BRDA:40,2,0,0
BRDA:40,2,1,0
BRDA:59,3,0,0
BRDA:59,3,1,0
BRDA:90,4,0,0
BRDA:111,5,0,0
BRDA:111,5,1,0
BRDA:138,6,0,0
BRDA:138,6,1,0
BRF:13
BRH:0
end_of_record
TN:
SF:src\storage\services\storage-provider-factory.service.ts
FN:20,(anonymous_1)
FN:54,(anonymous_2)
FN:65,(anonymous_3)
FN:69,(anonymous_4)
FN:95,(anonymous_5)
FN:102,(anonymous_6)
FN:109,(anonymous_7)
FN:121,(anonymous_8)
FN:128,(anonymous_9)
FN:134,(anonymous_10)
FN:144,(anonymous_11)
FNF:11
FNH:0
FNDA:0,(anonymous_1)
FNDA:0,(anonymous_2)
FNDA:0,(anonymous_3)
FNDA:0,(anonymous_4)
FNDA:0,(anonymous_5)
FNDA:0,(anonymous_6)
FNDA:0,(anonymous_7)
FNDA:0,(anonymous_8)
FNDA:0,(anonymous_9)
FNDA:0,(anonymous_10)
FNDA:0,(anonymous_11)
DA:2,9
DA:3,9
DA:5,9
DA:6,9
DA:7,9
DA:17,9
DA:18,0
DA:23,0
DA:25,0
DA:27,0
DA:30,0
DA:32,0
DA:35,0
DA:37,0
DA:41,0
DA:45,0
DA:48,0
DA:51,0
DA:55,0
DA:57,0
DA:58,0
DA:59,0
DA:62,0
DA:66,0
DA:70,0
DA:71,0
DA:73,0
DA:76,0
DA:79,0
DA:82,0
DA:85,0
DA:88,0
DA:91,0
DA:96,0
DA:103,0
DA:110,0
DA:111,0
DA:117,0
DA:122,0
DA:129,0
DA:135,0
DA:145,0
DA:147,0
DA:149,0
DA:151,0
DA:153,0
DA:155,0
DA:157,0
LF:48
LH:6
BRDA:23,0,0,0
BRDA:23,0,1,0
BRDA:23,0,2,0
BRDA:23,0,3,0
BRDA:23,0,4,0
BRDA:23,0,5,0
BRDA:57,1,0,0
BRDA:71,2,0,0
BRDA:71,2,1,0
BRDA:71,2,2,0
BRDA:71,2,3,0
BRDA:71,2,4,0
BRDA:71,2,5,0
BRDA:96,3,0,0
BRDA:96,3,1,0
BRDA:96,3,2,0
BRDA:96,3,3,0
BRDA:103,4,0,0
BRDA:103,4,1,0
BRDA:103,4,2,0
BRDA:103,4,3,0
BRDA:111,5,0,0
BRDA:111,5,1,0
BRDA:111,5,2,0
BRDA:111,5,3,0
BRDA:111,5,4,0
BRDA:122,6,0,0
BRDA:122,6,1,0
BRDA:122,6,2,0
BRDA:122,6,3,0
BRDA:129,7,0,0
BRDA:129,7,1,0
BRDA:129,7,2,0
BRDA:145,8,0,0
BRDA:145,8,1,0
BRDA:145,8,2,0
BRDA:145,8,3,0
BRDA:145,8,4,0
BRDA:145,8,5,0
BRF:39
BRH:0
end_of_record
TN:
SF:src\storage\services\storage-provider.service.ts
FN:14,(anonymous_4)
FN:20,(anonymous_5)
FN:26,(anonymous_6)
FN:38,(anonymous_7)
FN:45,(anonymous_8)
FN:95,(anonymous_9)
FN:138,(anonymous_10)
FN:150,(anonymous_11)
FN:177,(anonymous_12)
FN:187,(anonymous_13)
FN:201,(anonymous_14)
FN:214,(anonymous_15)
FN:230,(anonymous_16)
FN:235,(anonymous_17)
FN:250,(anonymous_18)
FNF:15
FNH:0
FNDA:0,(anonymous_4)
FNDA:0,(anonymous_5)
FNDA:0,(anonymous_6)
FNDA:0,(anonymous_7)
FNDA:0,(anonymous_8)
FNDA:0,(anonymous_9)
FNDA:0,(anonymous_10)
FNDA:0,(anonymous_11)
FNDA:0,(anonymous_12)
FNDA:0,(anonymous_13)
FNDA:0,(anonymous_14)
FNDA:0,(anonymous_15)
FNDA:0,(anonymous_16)
FNDA:0,(anonymous_17)
FNDA:0,(anonymous_18)
DA:2,9
DA:3,9
DA:4,9
DA:5,9
DA:6,9
DA:11,9
DA:12,0
DA:16,0
DA:17,0
DA:21,0
DA:27,0
DA:31,0
DA:32,0
DA:35,0
DA:39,0
DA:47,0
DA:48,0
DA:49,0
DA:53,0
DA:57,0
DA:58,0
DA:62,0
DA:63,0
DA:64,0
DA:66,0
DA:67,0
DA:70,0
DA:74,0
DA:89,0
DA:90,0
DA:92,0
DA:100,0
DA:103,0
DA:104,0
DA:105,0
DA:106,0
DA:110,0
DA:111,0
DA:112,0
DA:114,0
DA:115,0
DA:118,0
DA:123,0
DA:126,0
DA:132,0
DA:133,0
DA:135,0
DA:139,0
DA:142,0
DA:143,0
DA:146,0
DA:147,0
DA:151,0
DA:154,0
DA:155,0
DA:156,0
DA:158,0
DA:159,0
DA:162,0
DA:163,0
DA:165,0
DA:168,0
DA:169,0
DA:171,0
DA:172,0
DA:174,0
DA:178,0
DA:179,0
DA:181,0
DA:182,0
DA:184,0
DA:188,0
DA:189,0
DA:192,0
DA:193,0
DA:195,0
DA:196,0
DA:198,0
DA:206,0
DA:207,0
DA:208,0
DA:209,0
DA:211,0
DA:220,0
DA:222,0
DA:231,0
DA:232,0
DA:236,0
DA:238,0
DA:239,0
DA:242,0
DA:243,0
DA:247,0
DA:250,0
DA:255,0
DA:256,0
DA:258,0
DA:260,0
LF:98
LH:6
BRDA:31,0,0,0
BRDA:48,1,0,0
BRDA:57,2,0,0
BRDA:66,3,0,0
BRDA:79,4,0,0
BRDA:79,4,1,0
BRDA:103,5,0,0
BRDA:105,6,0,0
BRDA:114,7,0,0
BRDA:142,8,0,0
BRDA:158,9,0,0
BRDA:188,10,0,0
BRDA:188,11,0,0
BRDA:188,11,1,0
BRDA:208,12,0,0
BRDA:208,12,1,0
BRDA:225,13,0,0
BRDA:225,13,1,0
BRDA:232,14,0,0
BRDA:232,14,1,0
BRDA:238,15,0,0
BRDA:242,16,0,0
BRF:22
BRH:0
end_of_record
TN:
SF:src\types\passport-custom.d.ts
FNF:0
FNH:0
LF:0
LH:0
BRF:0
BRH:0
end_of_record
TN:
SF:src\users\applicant\applicant-jobs.controller.ts
FN:39,(anonymous_4)
FN:63,(anonymous_5)
FN:80,(anonymous_6)
FN:98,(anonymous_7)
FN:117,(anonymous_8)
FN:135,(anonymous_9)
FN:154,(anonymous_10)
FN:178,(anonymous_11)
FN:186,(anonymous_12)
FN:212,(anonymous_13)
FN:231,(anonymous_14)
FN:257,(anonymous_15)
FN:279,(anonymous_16)
FN:280,(anonymous_17)
FN:281,(anonymous_18)
FN:303,(anonymous_19)
FN:317,(anonymous_20)
FN:322,(anonymous_21)
FN:323,(anonymous_22)
FN:324,(anonymous_23)
FNF:20
FNH:0
FNDA:0,(anonymous_4)
FNDA:0,(anonymous_5)
FNDA:0,(anonymous_6)
FNDA:0,(anonymous_7)
FNDA:0,(anonymous_8)
FNDA:0,(anonymous_9)
FNDA:0,(anonymous_10)
FNDA:0,(anonymous_11)
FNDA:0,(anonymous_12)
FNDA:0,(anonymous_13)
FNDA:0,(anonymous_14)
FNDA:0,(anonymous_15)
FNDA:0,(anonymous_16)
FNDA:0,(anonymous_17)
FNDA:0,(anonymous_18)
FNDA:0,(anonymous_19)
FNDA:0,(anonymous_20)
FNDA:0,(anonymous_21)
FNDA:0,(anonymous_22)
FNDA:0,(anonymous_23)
DA:1,9
DA:15,9
DA:16,9
DA:17,9
DA:18,9
DA:19,9
DA:20,9
DA:21,9
DA:22,9
DA:23,9
DA:24,9
DA:25,9
DA:26,9
DA:27,9
DA:38,9
DA:40,0
DA:41,0
DA:42,0
DA:43,0
DA:63,9
DA:67,0
DA:80,9
DA:84,0
DA:98,9
DA:103,0
DA:117,9
DA:121,0
DA:122,0
DA:135,9
DA:139,0
DA:140,0
DA:154,9
DA:159,0
DA:163,0
DA:178,9
DA:184,0
DA:185,0
DA:186,0
DA:189,0
DA:190,0
DA:191,0
DA:193,0
DA:212,9
DA:216,0
DA:231,9
DA:235,0
DA:238,0
DA:239,0
DA:244,0
DA:245,0
DA:257,9
DA:270,0
DA:277,0
DA:279,0
DA:280,0
DA:281,0
DA:285,0
DA:303,9
DA:312,0
DA:314,0
DA:315,0
DA:317,0
DA:318,0
DA:321,0
DA:322,0
DA:323,0
DA:324,0
DA:326,0
DA:329,0
DA:331,0
LF:70
LH:26
BRDA:82,0,0,0
BRDA:100,1,0,0
BRDA:101,2,0,0
BRDA:181,3,0,0
BRDA:182,4,0,0
BRDA:185,5,0,0
BRDA:185,5,1,0
BRDA:238,6,0,0
BRDA:326,7,0,0
BRDA:326,7,1,0
BRF:10
BRH:0
end_of_record
TN:
SF:src\users\applicant\applicant.controller.ts
FN:23,(anonymous_4)
FN:36,(anonymous_5)
FN:53,(anonymous_6)
FNF:3
FNH:0
FNDA:0,(anonymous_4)
FNDA:0,(anonymous_5)
FNDA:0,(anonymous_6)
DA:2,9
DA:3,9
DA:4,9
DA:5,9
DA:6,9
DA:7,9
DA:8,9
DA:9,9
DA:10,9
DA:11,9
DA:12,9
DA:22,9
DA:23,0
DA:36,9
DA:37,0
DA:53,9
DA:57,0
LF:17
LH:14
BRF:0
BRH:0
end_of_record
TN:
SF:src\users\applicant\applicant.module.ts
FNF:0
FNH:0
DA:2,9
DA:3,9
DA:4,9
DA:5,9
DA:6,9
DA:7,9
DA:8,9
DA:9,9
DA:25,9
LF:9
LH:9
BRF:0
BRH:0
end_of_record
TN:
SF:src\users\applicant\applicant.service.ts
FN:15,(anonymous_4)
FN:26,(anonymous_5)
FN:42,(anonymous_6)
FNF:3
FNH:0
FNDA:0,(anonymous_4)
FNDA:0,(anonymous_5)
FNDA:0,(anonymous_6)
DA:2,9
DA:3,9
DA:4,9
DA:5,9
DA:14,9
DA:17,0
DA:27,0
DA:28,0
DA:31,0
DA:33,0
DA:43,0
DA:45,0
DA:46,0
LF:13
LH:5
BRDA:28,0,0,0
BRF:1
BRH:0
end_of_record
TN:
SF:src\users\nonprofit\ngo-applications.controller.ts
FN:32,(anonymous_4)
FN:47,(anonymous_5)
FN:69,(anonymous_6)
FN:88,(anonymous_7)
FN:111,(anonymous_8)
FN:141,(anonymous_9)
FN:167,(anonymous_10)
FNF:7
FNH:0
FNDA:0,(anonymous_4)
FNDA:0,(anonymous_5)
FNDA:0,(anonymous_6)
FNDA:0,(anonymous_7)
FNDA:0,(anonymous_8)
FNDA:0,(anonymous_9)
FNDA:0,(anonymous_10)
DA:1,9
DA:13,9
DA:14,9
DA:15,9
DA:16,9
DA:17,9
DA:18,9
DA:19,9
DA:20,9
DA:31,9
DA:32,0
DA:47,9
DA:55,0
DA:69,9
DA:74,0
DA:88,9
DA:99,0
DA:111,9
DA:121,0
DA:141,9
DA:151,0
DA:167,9
DA:176,0
LF:23
LH:16
BRDA:51,0,0,0
BRDA:52,1,0,0
BRF:2
BRH:0
end_of_record
TN:
SF:src\users\nonprofit\ngo-jobs.controller.ts
FN:36,(anonymous_4)
FN:50,(anonymous_5)
FN:70,(anonymous_6)
FN:88,(anonymous_7)
FN:107,(anonymous_8)
FN:127,(anonymous_9)
FN:149,(anonymous_10)
FN:171,(anonymous_11)
FN:191,(anonymous_12)
FN:219,(anonymous_13)
FNF:10
FNH:0
FNDA:0,(anonymous_4)
FNDA:0,(anonymous_5)
FNDA:0,(anonymous_6)
FNDA:0,(anonymous_7)
FNDA:0,(anonymous_8)
FNDA:0,(anonymous_9)
FNDA:0,(anonymous_10)
FNDA:0,(anonymous_11)
FNDA:0,(anonymous_12)
FNDA:0,(anonymous_13)
DA:1,9
DA:16,9
DA:17,9
DA:18,9
DA:19,9
DA:20,9
DA:21,9
DA:22,9
DA:23,9
DA:24,9
DA:35,9
DA:36,0
DA:50,9
DA:57,0
DA:70,9
DA:74,0
DA:88,9
DA:93,0
DA:107,9
DA:113,0
DA:127,9
DA:132,0
DA:149,9
DA:157,0
DA:171,9
DA:179,0
DA:191,9
DA:200,0
DA:219,9
DA:226,0
LF:30
LH:20
BRDA:53,0,0,0
BRDA:54,1,0,0
BRDA:153,2,0,0
BRDA:154,3,0,0
BRF:4
BRH:0
end_of_record
TN:
SF:src\users\nonprofit\nonprofit.controller.ts
FN:23,(anonymous_4)
FN:36,(anonymous_5)
FN:53,(anonymous_6)
FNF:3
FNH:0
FNDA:0,(anonymous_4)
FNDA:0,(anonymous_5)
FNDA:0,(anonymous_6)
DA:2,9
DA:3,9
DA:4,9
DA:5,9
DA:6,9
DA:7,9
DA:8,9
DA:9,9
DA:10,9
DA:11,9
DA:12,9
DA:22,9
DA:23,0
DA:36,9
DA:37,0
DA:53,9
DA:57,0
LF:17
LH:14
BRF:0
BRH:0
end_of_record
TN:
SF:src\users\nonprofit\nonprofit.module.ts
FNF:0
FNH:0
DA:2,9
DA:3,9
DA:4,9
DA:5,9
DA:6,9
DA:7,9
DA:8,9
DA:9,9
DA:24,9
LF:9
LH:9
BRF:0
BRH:0
end_of_record
TN:
SF:src\users\nonprofit\nonprofit.service.ts
FN:15,(anonymous_4)
FN:26,(anonymous_5)
FN:40,(anonymous_6)
FNF:3
FNH:0
FNDA:0,(anonymous_4)
FNDA:0,(anonymous_5)
FNDA:0,(anonymous_6)
DA:2,9
DA:3,9
DA:4,9
DA:5,9
DA:14,9
DA:17,0
DA:27,0
DA:28,0
DA:29,0
DA:31,0
DA:41,0
DA:42,0
DA:43,0
LF:13
LH:5
BRDA:28,0,0,0
BRF:1
BRH:0
end_of_record
TN:
SF:src\users\shared\user.module.ts
FNF:0
FNH:0
DA:1,9
DA:2,9
DA:3,9
DA:4,9
DA:11,9
LF:5
LH:5
BRF:0
BRH:0
end_of_record
TN:
SF:src\users\shared\user.service.ts
FN:13,(anonymous_4)
FN:22,(anonymous_5)
FN:36,(anonymous_6)
FN:44,(anonymous_7)
FN:55,(anonymous_8)
FN:63,(anonymous_9)
FN:71,(anonymous_10)
FN:84,(anonymous_11)
FN:91,(anonymous_12)
FN:98,(anonymous_13)
FNF:10
FNH:0
FNDA:0,(anonymous_4)
FNDA:0,(anonymous_5)
FNDA:0,(anonymous_6)
FNDA:0,(anonymous_7)
FNDA:0,(anonymous_8)
FNDA:0,(anonymous_9)
FNDA:0,(anonymous_10)
FNDA:0,(anonymous_11)
FNDA:0,(anonymous_12)
FNDA:0,(anonymous_13)
DA:2,9
DA:3,9
DA:4,9
DA:5,9
DA:12,9
DA:15,0
DA:23,0
DA:27,0
DA:28,0
DA:30,0
DA:37,0
DA:45,0
DA:56,0
DA:64,0
DA:65,0
DA:72,0
DA:76,0
DA:77,0
DA:85,0
DA:92,0
DA:99,0
DA:103,0
DA:104,0
LF:23
LH:5
BRDA:27,0,0,0
BRDA:76,1,0,0
BRDA:103,2,0,0
BRF:3
BRH:0
end_of_record
